Fri Jan 20 05:52:25 UTC 2023 BEGIN WRAPFILE COPY-IN /storage/local/data1/condor/execute/dir_5660/jsb_tmp/ifdh.sh cp -D /pnfs/minerva/resilient/tarballs/sultana_Jan192023_LowRecPion.tgz /storage/local/data1/condor/execute/dir_5660/no_xfer/0/TRANSFERRED_INPUT_FILES/
Copying 0 bytes https://fndca1.fnal.gov:2880/minerva/resilient/tarballs/sultana_Jan192023_LowRecPion.tgz => file:///storage/local/data1/condor/execute/dir_5660/no_xfer/0/TRANSFERRED_INPUT_FILES/sultana_Jan192023_LowRecPion.tgz
Fri Jan 20 05:52:48 UTC 2023 FINISHED WRAPFILE COPY-IN /storage/local/data1/condor/execute/dir_5660/jsb_tmp/ifdh.sh cp -D /pnfs/minerva/resilient/tarballs/sultana_Jan192023_LowRecPion.tgz /storage/local/data1/condor/execute/dir_5660/no_xfer/0/TRANSFERRED_INPUT_FILES/
Fri Jan 20 05:52:48 UTC 2023 65568376.0@jobsub02.fnal.gov BEGIN EXECUTION runEventLoop_job.sh data_me1A_xrootd_plist.txt mc_me1A_xrootd_plist.txt
++ date
+ echo Start Fri Jan 20 05:52:49 UTC 2023
+ echo Site:
++ hostname
++ uname -a
+ echo 'the worker node is ' sultana-65568376-0-fnpc8014.fnal.gov 'OS: ' Linux sultana-65568376-0-fnpc8014.fnal.gov 3.10.0-1160.80.1.el7.x86_64 '#1' SMP Wed Nov 2 16:40:42 CDT 2022 x86_64 x86_64 x86_64 GNU/Linux
++ whoami
+ echo 'the user id is ' sultana
++ id
+ echo 'the output of id is ' 'uid=49107(sultana)' 'gid=9767(fnalgrid)' 'groups=9767(fnalgrid),5111(e875),9553(nova),9555(e-938)'
+ set +x
LowRecoilPions/setup_utils.sh: line 1: opt/bin/setupROOT6OnGPVMs.sh: No such file or directory
LowRecoilPions/setup_utils.sh: line 2: opt/bin/setup.sh: No such file or directory
LowRecoilPions/setup_utils.sh: line 3: opt/bin/setup_MAT_Inc.sh: No such file or directory
/usr/bin/time: cannot run twoDEventLoop: No such file or directory
mv: cannot stat '*.root': No such file or directory
Fri Jan 20 05:53:07 UTC 2023 runEventLoop_job.sh COMPLETED with exit status 1
Fri Jan 20 05:53:08 UTC 2023 BEGIN WRAPFILE COPY-OUT /storage/local/data1/condor/execute/dir_5660/jsb_tmp/ifdh.sh cp -D /storage/local/data1/condor/execute/dir_5660/no_xfer/0/OUT/Dump_runEventLoop.txt /storage/local/data1/condor/execute/dir_5660/no_xfer/0/OUT/job_output_01_20_2023_05_52_65568376.0.err /storage/local/data1/condor/execute/dir_5660/no_xfer/0/OUT/job_output_01_20_2023_05_52_65568376.0.log /storage/local/data1/condor/execute/dir_5660/no_xfer/0/OUT/runEventLoopTime.txt /storage/local/data1/condor/execute/dir_5660/no_xfer/0/OUT/tarTime.txt /pnfs/minerva/scratch/users/sultana/MnvTunev4-3-1-PionReweight_submitted_2023_01_19_23_52_gridtest
Copying 0 bytes file:///storage/local/data1/condor/execute/dir_5660/no_xfer/0/OUT/Dump_runEventLoop.txt => https://fndca1.fnal.gov:2880/minerva/scratch/users/sultana/MnvTunev4-3-1-PionReweight_submitted_2023_01_19_23_52_gridtest/Dump_runEventLoop.txt
Copying 0 bytes file:///storage/local/data1/condor/execute/dir_5660/no_xfer/0/OUT/job_output_01_20_2023_05_52_65568376.0.err => https://fndca1.fnal.gov:2880/minerva/scratch/users/sultana/MnvTunev4-3-1-PionReweight_submitted_2023_01_19_23_52_gridtest/job_output_01_20_2023_05_52_65568376.0.err
Copying 0 bytes file:///storage/local/data1/condor/execute/dir_5660/no_xfer/0/OUT/job_output_01_20_2023_05_52_65568376.0.log => https://fndca1.fnal.gov:2880/minerva/scratch/users/sultana/MnvTunev4-3-1-PionReweight_submitted_2023_01_19_23_52_gridtest/job_output_01_20_2023_05_52_65568376.0.log
Copying 0 bytes file:///storage/local/data1/condor/execute/dir_5660/no_xfer/0/OUT/runEventLoopTime.txt => https://fndca1.fnal.gov:2880/minerva/scratch/users/sultana/MnvTunev4-3-1-PionReweight_submitted_2023_01_19_23_52_gridtest/runEventLoopTime.txt
Copying 0 bytes file:///storage/local/data1/condor/execute/dir_5660/no_xfer/0/OUT/tarTime.txt => https://fndca1.fnal.gov:2880/minerva/scratch/users/sultana/MnvTunev4-3-1-PionReweight_submitted_2023_01_19_23_52_gridtest/tarTime.txt
Fri Jan 20 05:53:11 UTC 2023 FINISHED WRAPFILE COPY-OUT /storage/local/data1/condor/execute/dir_5660/jsb_tmp/ifdh.sh cp -D /storage/local/data1/condor/execute/dir_5660/no_xfer/0/OUT/Dump_runEventLoop.txt /storage/local/data1/condor/execute/dir_5660/no_xfer/0/OUT/job_output_01_20_2023_05_52_65568376.0.err /storage/local/data1/condor/execute/dir_5660/no_xfer/0/OUT/job_output_01_20_2023_05_52_65568376.0.log /storage/local/data1/condor/execute/dir_5660/no_xfer/0/OUT/runEventLoopTime.txt /storage/local/data1/condor/execute/dir_5660/no_xfer/0/OUT/tarTime.txt /pnfs/minerva/scratch/users/sultana/MnvTunev4-3-1-PionReweight_submitted_2023_01_19_23_52_gridtest
