[FERMIHTC-SINGULARITY]: INFO -- No Singulariy image specified
[FERMIHTC-SINGULARITY]: INFO -- Running job on the host machine

[FERMIHTC-SINGULARITY]: INFO -- Running ./condor_exec.exe data_me1A_xrootd_plist.txt mc_me1A_xrootd_plist.txt
/storage/local/data1/condor/execute/dir_5660/no_xfer/0/OUT
total 0
Fri Jan 20 05:52:25 UTC 2023 BEGIN WRAPFILE COPY-IN /storage/local/data1/condor/execute/dir_5660/jsb_tmp/ifdh.sh cp -D /pnfs/minerva/resilient/tarballs/sultana_Jan192023_LowRecPion.tgz /storage/local/data1/condor/execute/dir_5660/no_xfer/0/TRANSFERRED_INPUT_FILES/
Fri Jan 20 05:52:48 UTC 2023 FINISHED WRAPFILE COPY-IN /storage/local/data1/condor/execute/dir_5660/jsb_tmp/ifdh.sh cp -D /pnfs/minerva/resilient/tarballs/sultana_Jan192023_LowRecPion.tgz /storage/local/data1/condor/execute/dir_5660/no_xfer/0/TRANSFERRED_INPUT_FILES/
Fri Jan 20 05:52:48 UTC 2023 65568376.0@jobsub02.fnal.gov BEGIN EXECUTION runEventLoop_job.sh data_me1A_xrootd_plist.txt mc_me1A_xrootd_plist.txt
CONDOR_EXEC=/tmp
_CONDOR_JOB_PIDS=
CUBACORES=1
JOBSUBJOBID=65568376.0@jobsub02.fnal.gov
HOSTNAME=sultana-65568376-0-fnpc8014.fnal.gov
GLIDEIN_DUNESite=US_FermiGrid
poms_data={"campaign_id":"","task_definition_id":"","task_id":"","job_id":"","batch_id":"65568376.0@jobsub02.fnal.gov","host_site":"","bogomips":"4605.38","node_name":"sultana-65568376-0-fnpc8014.fnal.gov","vendor_id":"GenuineIntel"}
TMPDIR=/storage/local/data1/condor/execute/dir_5660/no_xfer
IFDH_CP_MAX_RETRIES=1
OPENBLAS_NUM_THREADS=1
_CONDOR_SCRATCH_DIR=/storage/local/data1/condor/execute/dir_5660/no_xfer
FERMIHTC_SINGULARITY_PWD=/srv
GLIDEIN_ToDie=1674540135
CONDOR_DIR_OUT=/storage/local/data1/condor/execute/dir_5660/no_xfer/0/OUT
JOBSUB_EXE_SCRIPT=runEventLoop_job.sh
_CHIRP_DELAYED_UPDATE_PREFIX=Chirp*
CONDOR_TMP=/fife/local/scratch/uploads/minerva/sultana/2023-01-19_235202.946992_2088
TEMP=/storage/local/data1/condor/execute/dir_5660/no_xfer
CONDOR_DEST_DIR_OUT=/pnfs/minerva/scratch/users/sultana/MnvTunev4-3-1-PionReweight_submitted_2023_01_19_23_52_gridtest
FERMIHTC_SINGULARITY_ARGS=--pid --ipc --contain
JULIA_NUM_THREADS=1
BATCH_SYSTEM=HTCondor
_CONDOR_CHIRP_CONFIG=/storage/local/data1/condor/execute/dir_5660/.chirp.config
_JAVA_OPTIONS=-Xmx1024m
EXPERIMENT=minerva
FERMIHTC_SINGULARITY_BIND=/cvmfs /etc/hosts
GLIDEIN_Site=FermiGrid
PATH=/usr/local/sbin:/usr/local/bin:/usr/sbin:/usr/bin:/sbin:/bin:.
TF_NUM_THREADS=1
_CONDOR_BIN=/usr/bin
_=/usr/bin/printenv
MKL_NUM_THREADS=1
FIFE_GLIDEIN_ToDie=1674540135
PWD=/storage/local/data1/condor/execute/dir_5660
NUMEXPR_NUM_THREADS=1
VENDOR_ID=GenuineIntel
JSB_TMP=/storage/local/data1/condor/execute/dir_5660/jsb_tmp
_CONDOR_WRAPPER_ERROR_FILE=/storage/local/data1/condor/execute/dir_5660/.job_wrapper_failure
IFDH_BASE_URI=http://samweb.fnal.gov:8480/sam/minerva/api
BOGOMIPS=4605.38
_CONDOR_SLOT=slot1_11
FERMIHTC_SINGULARITY_CMD=exec
FERMIHTC_SINGULARITY_BIN=/usr/bin/singularity
GOMAXPROCS=1
HOME=/home/sultana
SHLVL=2
_CONDOR_MACHINE_AD=/storage/local/data1/condor/execute/dir_5660/.machine.ad
GRID_USER=sultana
PROCESS=0
X509_USER_PROXY=/storage/local/data1/condor/execute/dir_5660/x509cc_sultana_Analysis
TMP=/storage/local/data1/condor/execute/dir_5660/no_xfer
CLUSTER=65568376
NODE_NAME=sultana-65568376-0-fnpc8014.fnal.gov
OMP_NUM_THREADS=1
_CONDOR_JOB_AD=/storage/local/data1/condor/execute/dir_5660/.job.ad
OMP_THREAD_LIMIT=1
_CONDOR_JOB_IWD=/storage/local/data1/condor/execute/dir_5660
TF_LOOP_PARALLEL_ITERATIONS=1
DAGMANJOBID=
CONDOR_DIR_INPUT=/storage/local/data1/condor/execute/dir_5660/no_xfer/0/TRANSFERRED_INPUT_FILES
Start Fri Jan 20 05:52:49 UTC 2023
Site:
the worker node is  sultana-65568376-0-fnpc8014.fnal.gov OS:  Linux sultana-65568376-0-fnpc8014.fnal.gov 3.10.0-1160.80.1.el7.x86_64 #1 SMP Wed Nov 2 16:40:42 CDT 2022 x86_64 x86_64 x86_64 GNU/Linux
the user id is  sultana
the output of id is  uid=49107(sultana) gid=9767(fnalgrid) groups=9767(fnalgrid),5111(e875),9553(nova),9555(e-938)
pwd is  /storage/local/data1/condor/execute/dir_5660/no_xfer
GRID_USER = sultana
MAT/
MAT/.git/
MAT/.git/refs/
MAT/.git/refs/heads/
MAT/.git/refs/heads/main
MAT/.git/refs/tags/
MAT/.git/refs/remotes/
MAT/.git/refs/remotes/origin/
MAT/.git/refs/remotes/origin/feature/
MAT/.git/refs/remotes/origin/feature/aolivier_CutterEventFix
MAT/.git/refs/remotes/origin/HEAD
MAT/.git/refs/remotes/origin/main
MAT/.git/refs/remotes/origin/hms-patches
MAT/.git/refs/remotes/origin/throw-error-when-branch-not-found
MAT/.git/description
MAT/.git/hooks/
MAT/.git/hooks/pre-commit.sample
MAT/.git/hooks/update.sample
MAT/.git/hooks/applypatch-msg.sample
MAT/.git/hooks/commit-msg.sample
MAT/.git/hooks/pre-push.sample
MAT/.git/hooks/pre-applypatch.sample
MAT/.git/hooks/post-update.sample
MAT/.git/hooks/prepare-commit-msg.sample
MAT/.git/hooks/pre-rebase.sample
MAT/.git/info/
MAT/.git/info/exclude
MAT/.git/branches/
MAT/.git/objects/
MAT/.git/objects/pack/
MAT/.git/objects/pack/pack-c3a13c3d1057809aac4d988ba09aaa966935ed74.idx
MAT/.git/objects/pack/pack-d4ca00c3a12132c05a172714c83ba898d324ddba.idx
MAT/.git/objects/pack/pack-c3a13c3d1057809aac4d988ba09aaa966935ed74.pack
MAT/.git/objects/pack/pack-d4ca00c3a12132c05a172714c83ba898d324ddba.pack
MAT/.git/objects/info/
MAT/.git/objects/36/
MAT/.git/objects/36/36db8b77cf8ff0f4aadc5a0b0a0dba5ac12bcb
MAT/.git/objects/5d/
MAT/.git/objects/5d/3e8c6292f2adcbb381cf9bacf49da30d4a9e92
MAT/.git/objects/79/
MAT/.git/objects/79/05303c1da0d7c878a7aba6ffbc5e7c182421b5
MAT/.git/objects/fc/
MAT/.git/objects/fc/5571f0cb7afe5334f95cf70138e82ced932933
MAT/.git/objects/d6/
MAT/.git/objects/d6/4f6f4a4781420cc26b0717a0d5f0dfa033e40a
MAT/.git/logs/
MAT/.git/logs/refs/
MAT/.git/logs/refs/remotes/
MAT/.git/logs/refs/remotes/origin/
MAT/.git/logs/refs/remotes/origin/HEAD
MAT/.git/logs/refs/remotes/origin/main
MAT/.git/logs/refs/remotes/origin/feature/
MAT/.git/logs/refs/remotes/origin/feature/aolivier_CutterEventFix
MAT/.git/logs/refs/remotes/origin/hms-patches
MAT/.git/logs/refs/remotes/origin/throw-error-when-branch-not-found
MAT/.git/logs/refs/heads/
MAT/.git/logs/refs/heads/main
MAT/.git/logs/HEAD
MAT/.git/HEAD
MAT/.git/config
MAT/.git/packed-refs
MAT/.git/FETCH_HEAD
MAT/.git/index
MAT/.git/ORIG_HEAD
MAT/CMakeLists.txt
MAT/LICENSE
MAT/NSF_ValidationSuite/
MAT/NSF_ValidationSuite/CVS/
MAT/NSF_ValidationSuite/CVS/Entries
MAT/NSF_ValidationSuite/CVS/Repository
MAT/NSF_ValidationSuite/CVS/Root
MAT/NSF_ValidationSuite/compareToReferenceHists.py
MAT/NSF_ValidationSuite/makeNSFValidationHists.py
MAT/NSF_ValidationSuite/originalValidationAgainstCCQENu/
MAT/NSF_ValidationSuite/originalValidationAgainstCCQENu/CVS/
MAT/NSF_ValidationSuite/originalValidationAgainstCCQENu/CVS/Entries
MAT/NSF_ValidationSuite/originalValidationAgainstCCQENu/CVS/Repository
MAT/NSF_ValidationSuite/originalValidationAgainstCCQENu/CVS/Root
MAT/NSF_ValidationSuite/originalValidationAgainstCCQENu/README.txt
MAT/NSF_ValidationSuite/originalValidationAgainstCCQENu/compareToReferenceHists_originalValidationAgainstCCQENu.py
MAT/NSF_ValidationSuite/py_classes/
MAT/NSF_ValidationSuite/py_classes/CVS/
MAT/NSF_ValidationSuite/py_classes/CVS/Entries
MAT/NSF_ValidationSuite/py_classes/CVS/Repository
MAT/NSF_ValidationSuite/py_classes/CVS/Root
MAT/NSF_ValidationSuite/py_classes/errorMaps.py
MAT/NSF_ValidationSuite/py_classes/plottingClasses.py
MAT/NSF_ValidationSuite/py_classes/systematicsFunctions.py
MAT/NSF_ValidationSuite/py_classes/validationFunctions.py
MAT/NSF_ValidationSuite/style/
MAT/NSF_ValidationSuite/style/CVS/
MAT/NSF_ValidationSuite/style/CVS/Entries
MAT/NSF_ValidationSuite/style/CVS/Repository
MAT/NSF_ValidationSuite/style/CVS/Root
MAT/NSF_ValidationSuite/style/myPlotStyle.h
MAT/NSF_ValidationSuite/validationConfigCard.py
MAT/OSX.rootlogon.C
MAT/OSXMakefile
MAT/PackageConfig.cmake.in
MAT/PlotUtils/
MAT/PlotUtils/BaseUniverse.cxx
MAT/PlotUtils/BaseUniverse.h
MAT/PlotUtils/CMakeLists.txt
MAT/PlotUtils/ChainWrapper.cxx
MAT/PlotUtils/ChainWrapper.h
MAT/PlotUtils/CrashOnROOTMessage.h
MAT/PlotUtils/Cut.h
MAT/PlotUtils/Cutter.cxx
MAT/PlotUtils/Cutter.h
MAT/PlotUtils/ErrorHandler.cxx
MAT/PlotUtils/ErrorHandler.h
MAT/PlotUtils/Exceptions.h
MAT/PlotUtils/FluxReweighter.cxx
MAT/PlotUtils/FluxReweighter.h
MAT/PlotUtils/FluxSystematics.cxx
MAT/PlotUtils/FluxSystematics.h
MAT/PlotUtils/GridCanvas.cxx
MAT/PlotUtils/GridCanvas.h
MAT/PlotUtils/Hist2DWrapper.cxx
MAT/PlotUtils/Hist2DWrapper.h
MAT/PlotUtils/HistFolio.cxx
MAT/PlotUtils/HistFolio.h
MAT/PlotUtils/HistWrapper.cxx
MAT/PlotUtils/HistWrapper.h
MAT/PlotUtils/HistogramUtils.cxx
MAT/PlotUtils/HistogramUtils.h
MAT/PlotUtils/Linkdef.h
MAT/PlotUtils/MacroUtil.cxx
MAT/PlotUtils/MacroUtil.h
MAT/PlotUtils/MnvApplication.cxx
MAT/PlotUtils/MnvApplication.h
MAT/PlotUtils/MnvColors.cxx
MAT/PlotUtils/MnvColors.h
MAT/PlotUtils/Table.cxx
MAT/PlotUtils/MnvFluxConstraint.cxx
MAT/PlotUtils/MnvFluxConstraint.h
MAT/PlotUtils/MnvH1D.cxx
MAT/PlotUtils/MnvH1D.h
MAT/PlotUtils/MnvH1DToCSV.cxx
MAT/PlotUtils/MnvH1DToCSV.h
MAT/PlotUtils/MnvH2D.cxx
MAT/PlotUtils/MnvH2D.h
MAT/PlotUtils/MnvH2DLog.cxx
MAT/PlotUtils/MnvH2DLog.h
MAT/PlotUtils/MnvH2DToCSV.cxx
MAT/PlotUtils/MnvH2DToCSV.h
MAT/PlotUtils/MnvH3D.cxx
MAT/PlotUtils/MnvH3D.h
MAT/PlotUtils/MnvLatErrorBand.cxx
MAT/PlotUtils/MnvLatErrorBand.h
MAT/PlotUtils/MnvLatErrorBand2D.cxx
MAT/PlotUtils/MnvLatErrorBand2D.h
MAT/PlotUtils/MnvLatErrorBand3D.cxx
MAT/PlotUtils/MnvLatErrorBand3D.h
MAT/PlotUtils/MnvNuclearModelWeight.cxx
MAT/PlotUtils/MnvNuclearModelWeight.h
MAT/PlotUtils/MnvPlotter.cxx
MAT/PlotUtils/MnvPlotter.h
MAT/PlotUtils/MnvVertErrorBand.cxx
MAT/PlotUtils/MnvVertErrorBand.h
MAT/PlotUtils/MnvVertErrorBand2D.cxx
MAT/PlotUtils/MnvVertErrorBand2D.h
MAT/PlotUtils/MnvVertErrorBand3D.cxx
MAT/PlotUtils/MnvVertErrorBand3D.h
MAT/PlotUtils/NamedCategory.h
MAT/PlotUtils/NuclModUtils.cxx
MAT/PlotUtils/NuclModUtils.h
MAT/PlotUtils/PackageConfig.cmake.in
MAT/PlotUtils/ROOTglob.cxx
MAT/PlotUtils/ROOTglob.h
MAT/PlotUtils/Table.h
MAT/PlotUtils/TreeWrapper.cxx
MAT/PlotUtils/TreeWrapper.h
MAT/PlotUtils/Variable2DBase.cxx
MAT/PlotUtils/Variable2DBase.h
MAT/PlotUtils/VariableBase.cxx
MAT/PlotUtils/VariableBase.h
MAT/PlotUtils/genie_particle.cxx
MAT/PlotUtils/genie_particle.h
MAT/PlotUtils/makeChainWrapper.cxx
MAT/PlotUtils/makeChainWrapper.h
MAT/PlotUtils/modifier_Eb.cxx
MAT/PlotUtils/modifier_Eb.h
MAT/PlotUtils/setup.sh.in
MAT/README.md
MAT/READMEForCMake.txt
MAT/app/
MAT/app/CVS/
MAT/app/CVS/Entries
MAT/app/CVS/Repository
MAT/app/CVS/Root
MAT/app/MakeMHRWKineRenorm.cxx
MAT/app/MergeTool.cxx
MAT/app/MergeToolWithVar.cxx
MAT/app/Variables.txt
MAT/build/
MAT/build/CMakeLists.txt
MAT/build/CVS/
MAT/build/CVS/Entries
MAT/build/CVS/Repository
MAT/build/CVS/Root
MAT/cmt/
MAT/cmt/.cvsignore
MAT/cmt/CVS/
MAT/cmt/CVS/Entries
MAT/cmt/CVS/Repository
MAT/cmt/CVS/Root
MAT/cmt/requirements
MAT/dict/
MAT/dict/CVS/
MAT/dict/CVS/Entries
MAT/dict/CVS/Repository
MAT/dict/CVS/Root
MAT/dict/PlotUtilsDict.h
MAT/dict/PlotUtilsDict.xml
MAT/dict/PlotUtilsDictOSX.xml
MAT/macros/
MAT/macros/CMakeLists.txt
MAT/macros/CVS/
MAT/macros/CVS/Entries
MAT/macros/CVS/Repository
MAT/macros/CVS/Root
MAT/macros/FindExcludeChi2Bins.py
MAT/macros/Makefile
MAT/macros/OrderedDict.py
MAT/macros/PlotMCSampleSizeScan.py
MAT/macros/PrintLinearStatUnfold_Maya.py
MAT/macros/PrintMassTable.cxx
MAT/macros/PrintWarpingStudy.py
MAT/macros/ProcessMCSampleSizeScan.py
MAT/macros/compareUnivmean_cv_forflux.C
MAT/macros/constraint_test.py
MAT/macros/constraint_test_wgts.txt
MAT/macros/madd.cxx
MAT/macros/make_single_flux_error_band.C
MAT/macros/make_single_flux_error_band_ver2.C
MAT/macros/test_flux_reweighter_wiggle.C
MAT/macros/tryToRead.cxx
MAT/macros/tryToWrite.cxx
MAT/macros/OrderedDict.pyc
MAT/macros/PrintWarpingStudy_mediansimple.py
MAT/macros/WarpingStudy_Printed.root
MAT/python/
MAT/python/CVS/
MAT/python/CVS/Entries
MAT/python/CVS/Repository
MAT/python/CVS/Root
MAT/python/PlotUtils/
MAT/python/PlotUtils/CVS/
MAT/python/PlotUtils/CVS/Entries
MAT/python/PlotUtils/CVS/Repository
MAT/python/PlotUtils/CVS/Root
MAT/python/PlotUtils/FileList.py
MAT/python/PlotUtils/FileManager.py
MAT/python/PlotUtils/HistWrapper.py
MAT/python/PlotUtils/Histogram.py
MAT/python/PlotUtils/LoadPlotUtilsLib.py
MAT/python/PlotUtils/LoadPlotUtilsLibOSX.py
MAT/python/PlotUtils/MinervaStyle.py
MAT/python/PlotUtils/NIMStyle.py
MAT/python/PlotUtils/Plot.py
MAT/python/PlotUtils/Plotter.py
MAT/python/PlotUtils/SelectorPlotter.py
MAT/python/PlotUtils/TextHistoPlotter.py
MAT/python/PlotUtils/__init__.py
MAT/scripts/
MAT/scripts/AuditMergedFiles.py
MAT/scripts/CVS/
MAT/scripts/CVS/Entries
MAT/scripts/CVS/Repository
MAT/scripts/CVS/Root
MAT/scripts/GenerateMakefile.py
MAT/scripts/PlotFlux.py
MAT/scripts/PlotFluxLEME.py
MAT/scripts/SummarizeAudit.py
MAT/scripts/fluxRearranger.py
MAT/scripts/flux_calculation.py
MAT/scripts/flux_prism_add.py
MAT/scripts/flux_prism_interface.py
MAT/scripts/functionsForSubmissionScripts.py
MAT/scripts/submitAuditToGrid.py
MAT/scripts/submitMergeToGrid.py
MAT/setup.sh.in
MAT/setup/
MAT/setup/.rootlogon.C
MAT/setup/.rootrc
MAT/setup/CMakeLists.txt
MAT/setup/CVS/
MAT/setup/CVS/Entries
MAT/setup/CVS/Repository
MAT/setup/CVS/Root
MAT/setup/OSX.rootlogon.C
MAT/setup/standalone.sh
MAT/test/
MAT/test/Bands2pdf.py
MAT/test/CVS/
MAT/test/CVS/Entries
MAT/test/CVS/Repository
MAT/test/CVS/Root
MAT/test/DoesChainWrapperWorkWithXROOTD.cpp
MAT/test/DoesIOErrorHandlingWork.cpp
MAT/test/DoesMagicalIOErrorCrashWork.cpp
MAT/test/DoesMagicalIOErrorCrashWork.py
MAT/test/Mnv2TH1.py
MAT/test/Mnv2pdf.py
MAT/test/MnvH1D_viewer.py
MAT/test/MnvH2D_rename.py
MAT/test/MnvH2D_viewer.py
MAT/test/Mnv_t.py
MAT/test/sum.py
MAT/testpy/
MAT/testpy/CVS/
MAT/testpy/CVS/Entries
MAT/testpy/CVS/Repository
MAT/testpy/CVS/Root
MAT/testpy/MnvH1D_t.py
MAT-MINERvA/
MAT-MINERvA/.git/
MAT-MINERvA/.git/refs/
MAT-MINERvA/.git/refs/heads/
MAT-MINERvA/.git/refs/heads/main
MAT-MINERvA/.git/refs/tags/
MAT-MINERvA/.git/refs/remotes/
MAT-MINERvA/.git/refs/remotes/origin/
MAT-MINERvA/.git/refs/remotes/origin/HEAD
MAT-MINERvA/.git/description
MAT-MINERvA/.git/hooks/
MAT-MINERvA/.git/hooks/pre-commit.sample
MAT-MINERvA/.git/hooks/update.sample
MAT-MINERvA/.git/hooks/applypatch-msg.sample
MAT-MINERvA/.git/hooks/commit-msg.sample
MAT-MINERvA/.git/hooks/pre-push.sample
MAT-MINERvA/.git/hooks/pre-applypatch.sample
MAT-MINERvA/.git/hooks/post-update.sample
MAT-MINERvA/.git/hooks/prepare-commit-msg.sample
MAT-MINERvA/.git/hooks/pre-rebase.sample
MAT-MINERvA/.git/info/
MAT-MINERvA/.git/info/exclude
MAT-MINERvA/.git/branches/
MAT-MINERvA/.git/objects/
MAT-MINERvA/.git/objects/pack/
MAT-MINERvA/.git/objects/pack/pack-5132982f365f4a9abe51d91b905f0ecf0b9f1b0c.idx
MAT-MINERvA/.git/objects/pack/pack-5132982f365f4a9abe51d91b905f0ecf0b9f1b0c.pack
MAT-MINERvA/.git/objects/info/
MAT-MINERvA/.git/objects/10/
MAT-MINERvA/.git/objects/10/b0bcddb3ce6960e2dfcd5a98da8e56df536674
MAT-MINERvA/.git/objects/91/
MAT-MINERvA/.git/objects/91/2a63f907af914d202a605d765f6bc084335920
MAT-MINERvA/.git/objects/2d/
MAT-MINERvA/.git/objects/2d/d095891aca924a47fc9873b67aca588ce44272
MAT-MINERvA/.git/objects/83/
MAT-MINERvA/.git/objects/83/ee7c77b353e5839b34bcb8a0be2fb2ce812a71
MAT-MINERvA/.git/logs/
MAT-MINERvA/.git/logs/refs/
MAT-MINERvA/.git/logs/refs/remotes/
MAT-MINERvA/.git/logs/refs/remotes/origin/
MAT-MINERvA/.git/logs/refs/remotes/origin/HEAD
MAT-MINERvA/.git/logs/refs/heads/
MAT-MINERvA/.git/logs/refs/heads/main
MAT-MINERvA/.git/logs/HEAD
MAT-MINERvA/.git/HEAD
MAT-MINERvA/.git/config
MAT-MINERvA/.git/packed-refs
MAT-MINERvA/.git/COMMIT_EDITMSG
MAT-MINERvA/.git/index
MAT-MINERvA/.git/FETCH_HEAD
MAT-MINERvA/.git/ORIG_HEAD
MAT-MINERvA/CMakeLists.txt
MAT-MINERvA/LICENSE
MAT-MINERvA/PackageConfig.cmake.in
MAT-MINERvA/README.md
MAT-MINERvA/bootstrap/
MAT-MINERvA/bootstrap/CMakeLists.txt
MAT-MINERvA/bootstrap/setup.sh.in
MAT-MINERvA/bootstrap/setupROOT6OnGPVMs.sh
MAT-MINERvA/buildOSX/
MAT-MINERvA/buildOSX/CMakeLists.txt
MAT-MINERvA/buildOSX/CVS/
MAT-MINERvA/buildOSX/CVS/Entries
MAT-MINERvA/buildOSX/CVS/Repository
MAT-MINERvA/buildOSX/CVS/Root
MAT-MINERvA/buildOSX/test
MAT-MINERvA/calculators/
MAT-MINERvA/calculators/CCInclusiveCuts.h
MAT-MINERvA/calculators/CCInclusiveSignal.h
MAT-MINERvA/calculators/CCQE3DFitFunctions.h
MAT-MINERvA/calculators/CMakeLists.txt
MAT-MINERvA/calculators/LowRecoilFunctions.h
MAT-MINERvA/calculators/MichelFunctions.h
MAT-MINERvA/calculators/MuonFunctions.h
MAT-MINERvA/calculators/ProtonKECutFunctions.h
MAT-MINERvA/calculators/RecoilEnergyFunctions.h
MAT-MINERvA/calculators/TruthFunctions.h
MAT-MINERvA/calculators/WeightFunctions.h
MAT-MINERvA/dict/
MAT-MINERvA/dict/Linkdef.h
MAT-MINERvA/dict/MAT-MINERvADict.h
MAT-MINERvA/dict/MAT-MINERvADict.xml
MAT-MINERvA/legacy/
MAT-MINERvA/legacy/CMakeLists.txt
MAT-MINERvA/legacy/MnvRecoShifter.cxx
MAT-MINERvA/legacy/MnvRecoShifter.h
MAT-MINERvA/python/
MAT-MINERvA/python/CMakeLists.txt
MAT-MINERvA/python/PlotUtils/
MAT-MINERvA/python/PlotUtils/CMakeLists.txt
MAT-MINERvA/python/PlotUtils/LoadMATMINERvALib.py
MAT-MINERvA/python/PlotUtils/__init__.py
MAT-MINERvA/setup.sh.in
MAT-MINERvA/style/
MAT-MINERvA/style/CMakeLists.txt
MAT-MINERvA/style/NIMStyle.C
MAT-MINERvA/style/PlotStyle.C
MAT-MINERvA/test/
MAT-MINERvA/test/python_t.py
MAT-MINERvA/universes/
MAT-MINERvA/universes/AngleSystematics.cxx
MAT-MINERvA/universes/AngleSystematics.h
MAT-MINERvA/universes/CCQE3DFitsSystematics.cxx
MAT-MINERvA/universes/CCQE3DFitsSystematics.h
MAT-MINERvA/universes/CMakeLists.txt
MAT-MINERvA/universes/DiffractiveUncSystematics.cxx
MAT-MINERvA/universes/DiffractiveUncSystematics.h
MAT-MINERvA/universes/GeantHadronSystematics.cxx
MAT-MINERvA/universes/GeantHadronSystematics.h
MAT-MINERvA/universes/GenericVerticalSystematic.h
MAT-MINERvA/universes/GenieSystematics.cxx
MAT-MINERvA/universes/GenieSystematics.h
MAT-MINERvA/universes/MichelSystematics.cxx
MAT-MINERvA/universes/MichelSystematics.h
MAT-MINERvA/universes/MinervaUniverse.cxx
MAT-MINERvA/universes/MinervaUniverse.h
MAT-MINERvA/universes/MinosEfficiencySystematics.cxx
MAT-MINERvA/universes/MinosEfficiencySystematics.h
MAT-MINERvA/universes/MnvTuneSystematics.cxx
MAT-MINERvA/universes/MnvTuneSystematics.h
MAT-MINERvA/universes/MuonResolutionSystematics.cxx
MAT-MINERvA/universes/MuonResolutionSystematics.h
MAT-MINERvA/universes/MuonSystematics.cxx
MAT-MINERvA/universes/MuonSystematics.h
MAT-MINERvA/universes/RecoProtonKECutSystematics.cxx
MAT-MINERvA/universes/RecoProtonKECutSystematics.h
MAT-MINERvA/universes/ResponseSystematics.cxx
MAT-MINERvA/universes/ResponseSystematics.h
MAT-MINERvA/universes/TargetMassSystematics.cxx
MAT-MINERvA/universes/TargetMassSystematics.h
MAT-MINERvA/universes/TrueProtonKECutSystematics.cxx
MAT-MINERvA/universes/TrueProtonKECutSystematics.h
MAT-MINERvA/utilities/
MAT-MINERvA/utilities/AnaBinning.cxx
MAT-MINERvA/utilities/AnaBinning.h
MAT-MINERvA/utilities/CMakeLists.txt
MAT-MINERvA/utilities/HyperDimLinearizer.cxx
MAT-MINERvA/utilities/HyperDimLinearizer.h
MAT-MINERvA/utilities/MnvNormalization.cxx
MAT-MINERvA/utilities/MnvNormalization.h
MAT-MINERvA/utilities/NSFDefaults.h
MAT-MINERvA/utilities/POTCounter.cxx
MAT-MINERvA/utilities/POTCounter.h
MAT-MINERvA/utilities/ParticleResponseDefaults.cxx
MAT-MINERvA/utilities/ParticleResponseDefaults.h
MAT-MINERvA/utilities/PhysicsVariables.cxx
MAT-MINERvA/utilities/PhysicsVariables.h
MAT-MINERvA/utilities/PlotUtilsPhysicalConstants.h
MAT-MINERvA/utilities/TargetUtils.cxx
MAT-MINERvA/utilities/TargetUtils.h
MAT-MINERvA/weighters/
MAT-MINERvA/weighters/AMUDISReweighter.h
MAT-MINERvA/weighters/BodekRitchieReweighter.h
MAT-MINERvA/weighters/CMakeLists.txt
MAT-MINERvA/weighters/FSIReweighter.h
MAT-MINERvA/weighters/FluxAndCVReweighter.h
MAT-MINERvA/weighters/GENIEReweighter.h
MAT-MINERvA/weighters/GeantNeutronCVReweighter.h
MAT-MINERvA/weighters/LowQ2PiReweighter.h
MAT-MINERvA/weighters/LowRecoil2p2hReweighter.h
MAT-MINERvA/weighters/MINOSEfficiencyReweighter.h
MAT-MINERvA/weighters/MKReweighter.h
MAT-MINERvA/weighters/MinosMuonEfficiencyCorrection.cxx
MAT-MINERvA/weighters/MinosMuonEfficiencyCorrection.h
MAT-MINERvA/weighters/MnvHadronReweight.cxx
MAT-MINERvA/weighters/MnvHadronReweight.h
MAT-MINERvA/weighters/Model.h
MAT-MINERvA/weighters/NeutronInelasticReweighter.h
MAT-MINERvA/weighters/RPAReweighter.h
MAT-MINERvA/weighters/Reweighter.h
MAT-MINERvA/weighters/SuSAFromValencia2p2hReweighter.h
MAT-MINERvA/weighters/weightCoherentPi.cxx
MAT-MINERvA/weighters/weightCoherentPi.h
MAT-MINERvA/weighters/weightDIS.cxx
MAT-MINERvA/weighters/weightDIS.h
MAT-MINERvA/weighters/weightGenieBodekRitchieClass.cxx
MAT-MINERvA/weighters/weightGenieBodekRitchieClass.h
MAT-MINERvA/weighters/weightLowQ2Pi.cxx
MAT-MINERvA/weighters/weightLowQ2Pi.h
MAT-MINERvA/weighters/weightMK.cxx
MAT-MINERvA/weighters/weightMK.h
MAT-MINERvA/weighters/weightNuclearScreening.cxx
MAT-MINERvA/weighters/weightNuclearScreening.h
MAT-MINERvA/weighters/weightRPA.cxx
MAT-MINERvA/weighters/weightRPA.h
MAT-MINERvA/weighters/weightRemoveUnphysical2p2hExtendedEventsClass.cxx
MAT-MINERvA/weighters/weightRemoveUnphysical2p2hExtendedEventsClass.h
MAT-MINERvA/weighters/weightSusaGenieQEClass.cxx
MAT-MINERvA/weighters/weightSusaGenieQEClass.h
MAT-MINERvA/weighters/weightSusaValenciaClass.cxx
MAT-MINERvA/weighters/weightSusaValenciaClass.h
MAT-MINERvA/weighters/weightZExp.cxx
MAT-MINERvA/weighters/weightZExp.h
MAT-MINERvA/weighters/weight_2p2h.cxx
MAT-MINERvA/weighters/weight_2p2h.h
MAT-MINERvA/weighters/weight_fsi.cxx
MAT-MINERvA/weighters/weight_fsi.h
MAT-MINERvA/weighters/weight_fsi_absorption.cxx
MAT-MINERvA/weighters/weight_fsi_absorption.h
MAT-MINERvA/weighters/weight_fsi_cai.cxx
MAT-MINERvA/weighters/weight_fsi_cai.h
MAT-MINERvA/weighters/weight_minervaq2qe.cxx
MAT-MINERvA/weighters/weight_minervaq2qe.h
MAT-MINERvA/weighters/PionReweighter.h
MAT-MINERvA/weighters/DiffractiveWeighter.h
MAT-MINERvA/weighters/DiffractiveReweighter.h
MAT-MINERvA/weighters/MnvTunev4.h
LowRecoilPions/
LowRecoilPions/backgroundStack.py
LowRecoilPions/bootstrap/
LowRecoilPions/bootstrap/CMakeLists.txt
LowRecoilPions/bootstrap/setup.sh.in
LowRecoilPions/bootstrap/setupROOT6OnGPVMs.sh
LowRecoilPions/CMakeLists.txt
LowRecoilPions/cuts/
LowRecoilPions/cuts/MaxPzMu.h
LowRecoilPions/cuts/SignalDefinition.h
LowRecoilPions/cuts/q3RecoCut.h
LowRecoilPions/cuts/hasMichel.h
LowRecoilPions/cuts/BestMichelDistance2D.h
LowRecoilPions/cuts/VtxMatchFirst.h
LowRecoilPions/cuts/.hasMichel.h.swp
LowRecoilPions/cuts/hasTruePion.h
LowRecoilPions/cuts/GetClosestMichel.h
LowRecoilPions/cuts/PTRangeReco.h
LowRecoilPions/cuts/RemoveSignalEvents.h
LowRecoilPions/cuts/Distance2DSideband.h
LowRecoilPions/cuts/RecoilERange.h
LowRecoilPions/cuts/PmuCut.h
LowRecoilPions/cuts/LowRecPionSignal.h
LowRecoilPions/cuts/WexpRecoCut.h
LowRecoilPions/studiesEventLoop.cpp
LowRecoilPions/dataEventLoop.cpp
LowRecoilPions/event/
LowRecoilPions/event/CMakeLists.txt
LowRecoilPions/event/MichelEvent.h
LowRecoilPions/event/Michel.h
LowRecoilPions/event/MichelEvent_template.h
LowRecoilPions/event/Cluster.h
LowRecoilPions/event/.Michel.h.swp
LowRecoilPions/event/TruthCategories/
LowRecoilPions/event/TruthCategories/Coherent.h
LowRecoilPions/event/TruthCategories/Hadron.h
LowRecoilPions/event/TruthCategories/Interaction.h
LowRecoilPions/event/TruthCategories/NPions.h
LowRecoilPions/event/TruthCategories/Sidebands.h
LowRecoilPions/event/TruthCategories/SignalBackground.h
LowRecoilPions/event/TruthCategories/W.h
LowRecoilPions/event/CVUniverse_CCQENu.h
LowRecoilPions/event/TruthMatching.h
LowRecoilPions/event/GetClosestMichel.h
LowRecoilPions/event/SetDistanceMichelSideband.h
LowRecoilPions/event/.CVUniverse.h.swp
LowRecoilPions/event/SetDistanceMichelSelection.h
LowRecoilPions/event/Constants.h
LowRecoilPions/event/AvailableE.h
LowRecoilPions/event/Michel_p2.h
LowRecoilPions/event/CVUniverse.h
LowRecoilPions/event/CVUniverse_p2.h
LowRecoilPions/ExtractCrossSection.cpp
LowRecoilPions/studies2DEventLoop.cpp
LowRecoilPions/rangeStack.py
LowRecoilPions/scripts/
LowRecoilPions/scripts/binNormStack.py
LowRecoilPions/scripts/GENIEStack.py
LowRecoilPions/scripts/rangeStack.py
LowRecoilPions/binNormStack.py
LowRecoilPions/runEventLoop.txt
LowRecoilPions/playlists/
LowRecoilPions/playlists/CCQENu_minervame1A_DATA_Inextinguishable_merged.txt
LowRecoilPions/playlists/CCQENu_minervame1A_MC_Inextinguishable_merged.txt
LowRecoilPions/playlists/CMakeLists.txt
LowRecoilPions/playlists/MAD_minervame1A_DATA_andrewsGPVM.txt
LowRecoilPions/playlists/MAD_minervame1A_MC_andrewsGPVM.txt
LowRecoilPions/playlists/data_me1A_plist.txt
LowRecoilPions/playlists/data_me1A_xrootd_plist.txt
LowRecoilPions/playlists/mc_me1A_plist.txt
LowRecoilPions/playlists/mc_me1A_xrootd_plist.txt
LowRecoilPions/README.md
LowRecoilPions/michelEventLoop.txt
LowRecoilPions/runTransWarp.sh
LowRecoilPions/runXSecLooper.cpp
LowRecoilPions/setup.sh.in
LowRecoilPions/studies/
LowRecoilPions/studies/PerEventVarByGENIELabel.h
LowRecoilPions/studies/Study.h
LowRecoilPions/studies/PerMichelVarByGENIELabel.h
LowRecoilPions/studies/PerMichelEventVarByGENIELabel.h
LowRecoilPions/studies/PerMichel2DVar.h
LowRecoilPions/studies/PerMichelVarVec.h
LowRecoilPions/studies/PerMichel2DVarbin.h
LowRecoilPions/studies/PerMichelVarVecFSPart.h
LowRecoilPions/studies/PerMichelEvent2DVarBin.h
LowRecoilPions/studies/PerEventVarBin.h
LowRecoilPions/studies/.TruthInteractionStudies.h.swo
LowRecoilPions/studies/TruthInteractionStudies.h
LowRecoilPions/studies/.TruthInteractionStudies.h.swp
LowRecoilPions/studies/TruthInteractionStudiesOLD.h
LowRecoilPions/studies/TruthInteractionStudies_ORIGINAL_working.h
LowRecoilPions/studies/.PerMichelVarVecFSPart.h.swp
LowRecoilPions/studies/Event2DVarUniverses.h
LowRecoilPions/studies/Study2D.h
LowRecoilPions/systematics/
LowRecoilPions/systematics/Systematics.h
LowRecoilPions/systematics/Systematics_OLD.h
LowRecoilPions/util/
LowRecoilPions/util/Binning.h
LowRecoilPions/util/CMakeLists.txt
LowRecoilPions/util/Categorized.h
LowRecoilPions/util/GetFluxIntegral.cpp
LowRecoilPions/util/GetFluxIntegral.h
LowRecoilPions/util/GetIngredient.h
LowRecoilPions/util/GetPlaylist.cpp
LowRecoilPions/util/GetPlaylist.h
LowRecoilPions/util/SafeROOTName.cpp
LowRecoilPions/util/SafeROOTName.h
LowRecoilPions/util/Variable.h
LowRecoilPions/util/Variable2D.h
LowRecoilPions/util/TruthInteractionStudies.h
LowRecoilPions/util/.TruthInteractionStudies.h.swp
LowRecoilPions/util/TruthInteractionStudieOLD.h
LowRecoilPions/util/PionFSStudies.h
LowRecoilPions/util/TruthInteractionStudies_Standard.h
LowRecoilPions/util/TruthInteractionStudies_July252022.txt
LowRecoilPions/util/TruthInteractionStudies_Piandothernotworking.h
LowRecoilPions/util/PionFSCategory.h
LowRecoilPions/util/PionFSCategory_WORKS_Aug242022.txt
LowRecoilPions/util/PionCategory.h
LowRecoilPions/util/PionReweighter.h
LowRecoilPions/util/CCInclusiveCuts.h
LowRecoilPions/util/CCInclusiveSignal.h
LowRecoilPions/util/DiffractiveReweighter.h
LowRecoilPions/util/COHPionReweighter.h
LowRecoilPions/util/TargetMassReweighter.h
LowRecoilPions/util/MacroUtil.cxx
LowRecoilPions/util/Pi0BkgScale.h
LowRecoilPions/GENIEStack.py
LowRecoilPions/read.txt
LowRecoilPions/ExtractCrossSection2D.txt
LowRecoilPions/1
LowRecoilPions/ExtractCrossSection2D.cpp
LowRecoilPions/twoDEventLoopFull.cpp
LowRecoilPions/.runEventLoop_job.sh.swp
LowRecoilPions/make_playlist_list.sh
LowRecoilPions/gridtest/
LowRecoilPions/twoDEventLoop.cpp
LowRecoilPions/twoDEventLoopSide.cpp
LowRecoilPions/studiesEventLoopSide.cpp
LowRecoilPions/runEventLoop_job.sh
LowRecoilPions/.studiesEventLoop.cpp.swp
LowRecoilPions/setup_env.sh
LowRecoilPions/setup_utils.sh
LowRecoilPions/multiSubmit.sh
LowRecoilPions/scraploops/
LowRecoilPions/scraploops/michelEventLoop_FromApril.txt
LowRecoilPions/scraploops/michelEventLoop_July09_NotWorking.txt
LowRecoilPions/scraploops/michelEventLoop_June22.txt
LowRecoilPions/scraploops/michelEventLoop_June232022.txt
LowRecoilPions/scraploops/michelEventLoop_q3binmistake.txt
LowRecoilPions/scraploops/michelEventLoop_ScalingIssue_June282022.txt
LowRecoilPions/scraploops/michelEventLoop.txt
LowRecoilPions/scraploops/nocutsEventLoop.txt
LowRecoilPions/scraploops/cutsEventLoop.txt
LowRecoilPions/weighter/
LowRecoilPions/weighter/PionReweighter.h
LowRecoilPions/sultana_Jan192023_gridtest.tgz
LowRecoilPions/cluster.txt
LowRecoilPions/logs/
LowRecoilPions/logs/runEventLoop_job.sh_20230119_232550_2125780_0_1_cluster.65568325.0.err
LowRecoilPions/logs/runEventLoop_job.sh_20230119_232550_2125780_0_1_wrap.sh
LowRecoilPions/logs/runEventLoop_job.sh
LowRecoilPions/logs/runEventLoop_job.sh_20230119_232550_2125780_0_1_.cmd
LowRecoilPions/logs/.empty_file
LowRecoilPions/logs/runEventLoop_job.sh_20230119_232550_2125780_0_1_.log
LowRecoilPions/logs/runEventLoop_job.sh_20230119_232550_2125780_0_1_cluster.65568325.0.out
LowRecoilPions/rootLogon_grid.C
LowRecoilPions/anothercluster
Printing items in current directory
pwd is  /storage/local/data1/condor/execute/dir_5660/no_xfer
What is in this directory? 
0
LowRecoilPions
MAT
MAT-MINERvA
job_output_01_20_2023_05_52_65568376.0.err
job_output_01_20_2023_05_52_65568376.0.log
tarTime.txt
Setting up utils.
Setting up environment for MAT
Submitting EventLoop
Fri Jan 20 05:53:07 UTC 2023 runEventLoop_job.sh COMPLETED with exit status 1
Fri Jan 20 05:53:08 UTC 2023 BEGIN WRAPFILE COPY-OUT /storage/local/data1/condor/execute/dir_5660/jsb_tmp/ifdh.sh cp -D /storage/local/data1/condor/execute/dir_5660/no_xfer/0/OUT/Dump_runEventLoop.txt /storage/local/data1/condor/execute/dir_5660/no_xfer/0/OUT/job_output_01_20_2023_05_52_65568376.0.err /storage/local/data1/condor/execute/dir_5660/no_xfer/0/OUT/job_output_01_20_2023_05_52_65568376.0.log /storage/local/data1/condor/execute/dir_5660/no_xfer/0/OUT/runEventLoopTime.txt /storage/local/data1/condor/execute/dir_5660/no_xfer/0/OUT/tarTime.txt /pnfs/minerva/scratch/users/sultana/MnvTunev4-3-1-PionReweight_submitted_2023_01_19_23_52_gridtest
Fri Jan 20 05:53:11 UTC 2023 FINISHED WRAPFILE COPY-OUT /storage/local/data1/condor/execute/dir_5660/jsb_tmp/ifdh.sh cp -D /storage/local/data1/condor/execute/dir_5660/no_xfer/0/OUT/Dump_runEventLoop.txt /storage/local/data1/condor/execute/dir_5660/no_xfer/0/OUT/job_output_01_20_2023_05_52_65568376.0.err /storage/local/data1/condor/execute/dir_5660/no_xfer/0/OUT/job_output_01_20_2023_05_52_65568376.0.log /storage/local/data1/condor/execute/dir_5660/no_xfer/0/OUT/runEventLoopTime.txt /storage/local/data1/condor/execute/dir_5660/no_xfer/0/OUT/tarTime.txt /pnfs/minerva/scratch/users/sultana/MnvTunev4-3-1-PionReweight_submitted_2023_01_19_23_52_gridtest
