000 (43418842.000.000) 2023-01-23 19:34:55 Job submitted from host: <131.225.240.53:9615?addrs=131.225.240.53-9615&alias=jobsub03.fnal.gov&noUDP&sock=schedd_2743_0c5e>
...
028 (43418842.000.000) 2023-01-23 19:34:55 Job ad information event triggered.
Cluster = 43418842
EventTime = "2023-01-23T19:34:55.600"
EventTypeNumber = 28
JOB_GLIDEIN_ClusterId = "$$(GLIDEIN_ClusterId:Unknown)"
JOB_GLIDEIN_Entry_Name = "$$(GLIDEIN_Entry_Name:Unknown)"
JOB_GLIDEIN_Factory = "$$(GLIDEIN_Factory:Unknown)"
JOB_GLIDEIN_Name = "$$(GLIDEIN_Name:Unknown)"
JOB_GLIDEIN_ProcId = "$$(GLIDEIN_ProcId:Unknown)"
JOB_GLIDEIN_Schedd = "$$(GLIDEIN_Schedd:Unknown)"
JOB_GLIDEIN_Site = "$$(GLIDEIN_Site:Unknown)"
JOB_GLIDEIN_SiteWMS = "$$(GLIDEIN_SiteWMS:Unknown)"
JOB_GLIDEIN_SiteWMS_JobId = "$$(GLIDEIN_SiteWMS_JobId:Unknown)"
JOB_GLIDEIN_SiteWMS_Queue = "$$(GLIDEIN_SiteWMS_Queue:Unknown)"
JOB_GLIDEIN_SiteWMS_Slot = "$$(GLIDEIN_SiteWMS_Slot:Unknown)"
JOB_Site = "$$(GLIDEIN_Site:Unknown)"
MyType = "SubmitEvent"
Proc = 0
SubmitHost = "<131.225.240.53:9615?addrs=131.225.240.53-9615&alias=jobsub03.fnal.gov&noUDP&sock=schedd_2743_0c5e>"
Subproc = 0
TriggerEventTypeName = "ULOG_SUBMIT"
TriggerEventTypeNumber = 0
...
040 (43418842.000.000) 2023-01-23 19:37:56 Started transferring input files
	Transferring to host: <131.225.167.93:9618?addrs=131.225.167.93-9618&alias=fnpc8009.fnal.gov&noUDP&sock=slot1_25_27779_9183_34060>
...
028 (43418842.000.000) 2023-01-23 19:37:56 Job ad information event triggered.
Cluster = 43418842
EventTime = "2023-01-23T19:37:56.606"
EventTypeNumber = 28
Host = "<131.225.167.93:9618?addrs=131.225.167.93-9618&alias=fnpc8009.fnal.gov&noUDP&sock=slot1_25_27779_9183_34060>"
JOB_GLIDEIN_ClusterId = "Unknown"
JOB_GLIDEIN_Entry_Name = "Unknown"
JOB_GLIDEIN_Factory = "Unknown"
JOB_GLIDEIN_Name = "Unknown"
JOB_GLIDEIN_ProcId = "Unknown"
JOB_GLIDEIN_Schedd = "Unknown"
JOB_GLIDEIN_Site = "FermiGrid"
JOB_GLIDEIN_SiteWMS = "Unknown"
JOB_GLIDEIN_SiteWMS_JobId = "Unknown"
JOB_GLIDEIN_SiteWMS_Queue = "Unknown"
JOB_GLIDEIN_SiteWMS_Slot = "Unknown"
JOB_Site = "FermiGrid"
MyType = "FileTransferEvent"
Proc = 0
Subproc = 0
TriggerEventTypeName = "ULOG_FILE_TRANSFER"
TriggerEventTypeNumber = 40
Type = 2
...
040 (43418842.000.000) 2023-01-23 19:37:56 Finished transferring input files
...
028 (43418842.000.000) 2023-01-23 19:37:56 Job ad information event triggered.
Cluster = 43418842
EventTime = "2023-01-23T19:37:56.787"
EventTypeNumber = 28
JOB_GLIDEIN_ClusterId = "Unknown"
JOB_GLIDEIN_Entry_Name = "Unknown"
JOB_GLIDEIN_Factory = "Unknown"
JOB_GLIDEIN_Name = "Unknown"
JOB_GLIDEIN_ProcId = "Unknown"
JOB_GLIDEIN_Schedd = "Unknown"
JOB_GLIDEIN_Site = "FermiGrid"
JOB_GLIDEIN_SiteWMS = "Unknown"
JOB_GLIDEIN_SiteWMS_JobId = "Unknown"
JOB_GLIDEIN_SiteWMS_Queue = "Unknown"
JOB_GLIDEIN_SiteWMS_Slot = "Unknown"
JOB_Site = "FermiGrid"
MyType = "FileTransferEvent"
Proc = 0
Subproc = 0
TriggerEventTypeName = "ULOG_FILE_TRANSFER"
TriggerEventTypeNumber = 40
Type = 3
...
001 (43418842.000.000) 2023-01-23 19:37:56 Job executing on host: <131.225.167.93:9618?addrs=131.225.167.93-9618&alias=fnpc8009.fnal.gov&noUDP&sock=startd_27743_f80a>
...
028 (43418842.000.000) 2023-01-23 19:37:56 Job ad information event triggered.
Cluster = 43418842
EventTime = "2023-01-23T19:37:56.889"
EventTypeNumber = 28
ExecuteHost = "<131.225.167.93:9618?addrs=131.225.167.93-9618&alias=fnpc8009.fnal.gov&noUDP&sock=startd_27743_f80a>"
JOB_GLIDEIN_ClusterId = "Unknown"
JOB_GLIDEIN_Entry_Name = "Unknown"
JOB_GLIDEIN_Factory = "Unknown"
JOB_GLIDEIN_Name = "Unknown"
JOB_GLIDEIN_ProcId = "Unknown"
JOB_GLIDEIN_Schedd = "Unknown"
JOB_GLIDEIN_Site = "FermiGrid"
JOB_GLIDEIN_SiteWMS = "Unknown"
JOB_GLIDEIN_SiteWMS_JobId = "Unknown"
JOB_GLIDEIN_SiteWMS_Queue = "Unknown"
JOB_GLIDEIN_SiteWMS_Slot = "Unknown"
JOB_Site = "FermiGrid"
MyType = "ExecuteEvent"
Proc = 0
Subproc = 0
TriggerEventTypeName = "ULOG_EXECUTE"
TriggerEventTypeNumber = 1
...
006 (43418842.000.000) 2023-01-23 19:38:05 Image size of job updated: 10
	3  -  MemoryUsage of job (MB)
	3632  -  ResidentSetSize of job (KB)
...
028 (43418842.000.000) 2023-01-23 19:38:05 Job ad information event triggered.
Cluster = 43418842
EventTime = "2023-01-23T19:38:05.988"
EventTypeNumber = 28
JOB_GLIDEIN_ClusterId = "Unknown"
JOB_GLIDEIN_Entry_Name = "Unknown"
JOB_GLIDEIN_Factory = "Unknown"
JOB_GLIDEIN_Name = "Unknown"
JOB_GLIDEIN_ProcId = "Unknown"
JOB_GLIDEIN_Schedd = "Unknown"
JOB_GLIDEIN_Site = "FermiGrid"
JOB_GLIDEIN_SiteWMS = "Unknown"
JOB_GLIDEIN_SiteWMS_JobId = "Unknown"
JOB_GLIDEIN_SiteWMS_Queue = "Unknown"
JOB_GLIDEIN_SiteWMS_Slot = "Unknown"
JOB_Site = "FermiGrid"
MemoryUsage = 3
MyType = "JobImageSizeEvent"
Proc = 0
ResidentSetSize = 3632
Size = 10
Subproc = 0
TriggerEventTypeName = "ULOG_IMAGE_SIZE"
TriggerEventTypeNumber = 6
...
006 (43418842.000.000) 2023-01-23 19:39:05 Image size of job updated: 164
	164  -  MemoryUsage of job (MB)
	168092  -  ResidentSetSize of job (KB)
...
028 (43418842.000.000) 2023-01-23 19:39:05 Job ad information event triggered.
Cluster = 43418842
EventTime = "2023-01-23T19:39:05.277"
EventTypeNumber = 28
JOB_GLIDEIN_ClusterId = "Unknown"
JOB_GLIDEIN_Entry_Name = "Unknown"
JOB_GLIDEIN_Factory = "Unknown"
JOB_GLIDEIN_Name = "Unknown"
JOB_GLIDEIN_ProcId = "Unknown"
JOB_GLIDEIN_Schedd = "Unknown"
JOB_GLIDEIN_Site = "FermiGrid"
JOB_GLIDEIN_SiteWMS = "Unknown"
JOB_GLIDEIN_SiteWMS_JobId = "Unknown"
JOB_GLIDEIN_SiteWMS_Queue = "Unknown"
JOB_GLIDEIN_SiteWMS_Slot = "Unknown"
JOB_Site = "FermiGrid"
MemoryUsage = 164
MyType = "JobImageSizeEvent"
Proc = 0
ResidentSetSize = 168092
Size = 164
Subproc = 0
TriggerEventTypeName = "ULOG_IMAGE_SIZE"
TriggerEventTypeNumber = 6
...
006 (43418842.000.000) 2023-01-23 19:40:05 Image size of job updated: 655
	655  -  MemoryUsage of job (MB)
	670792  -  ResidentSetSize of job (KB)
...
028 (43418842.000.000) 2023-01-23 19:40:05 Job ad information event triggered.
Cluster = 43418842
EventTime = "2023-01-23T19:40:05.597"
EventTypeNumber = 28
JOB_GLIDEIN_ClusterId = "Unknown"
JOB_GLIDEIN_Entry_Name = "Unknown"
JOB_GLIDEIN_Factory = "Unknown"
JOB_GLIDEIN_Name = "Unknown"
JOB_GLIDEIN_ProcId = "Unknown"
JOB_GLIDEIN_Schedd = "Unknown"
JOB_GLIDEIN_Site = "FermiGrid"
JOB_GLIDEIN_SiteWMS = "Unknown"
JOB_GLIDEIN_SiteWMS_JobId = "Unknown"
JOB_GLIDEIN_SiteWMS_Queue = "Unknown"
JOB_GLIDEIN_SiteWMS_Slot = "Unknown"
JOB_Site = "FermiGrid"
MemoryUsage = 655
MyType = "JobImageSizeEvent"
Proc = 0
ResidentSetSize = 670792
Size = 655
Subproc = 0
TriggerEventTypeName = "ULOG_IMAGE_SIZE"
TriggerEventTypeNumber = 6
...
006 (43418842.000.000) 2023-01-23 19:41:07 Image size of job updated: 655
	655  -  MemoryUsage of job (MB)
	671304  -  ResidentSetSize of job (KB)
...
028 (43418842.000.000) 2023-01-23 19:41:07 Job ad information event triggered.
Cluster = 43418842
EventTime = "2023-01-23T19:41:07.230"
EventTypeNumber = 28
JOB_GLIDEIN_ClusterId = "Unknown"
JOB_GLIDEIN_Entry_Name = "Unknown"
JOB_GLIDEIN_Factory = "Unknown"
JOB_GLIDEIN_Name = "Unknown"
JOB_GLIDEIN_ProcId = "Unknown"
JOB_GLIDEIN_Schedd = "Unknown"
JOB_GLIDEIN_Site = "FermiGrid"
JOB_GLIDEIN_SiteWMS = "Unknown"
JOB_GLIDEIN_SiteWMS_JobId = "Unknown"
JOB_GLIDEIN_SiteWMS_Queue = "Unknown"
JOB_GLIDEIN_SiteWMS_Slot = "Unknown"
JOB_Site = "FermiGrid"
MemoryUsage = 655
MyType = "JobImageSizeEvent"
Proc = 0
ResidentSetSize = 671304
Size = 655
Subproc = 0
TriggerEventTypeName = "ULOG_IMAGE_SIZE"
TriggerEventTypeNumber = 6
...
006 (43418842.000.000) 2023-01-23 19:42:07 Image size of job updated: 656
	656  -  MemoryUsage of job (MB)
	672108  -  ResidentSetSize of job (KB)
...
028 (43418842.000.000) 2023-01-23 19:42:07 Job ad information event triggered.
Cluster = 43418842
EventTime = "2023-01-23T19:42:07.277"
EventTypeNumber = 28
JOB_GLIDEIN_ClusterId = "Unknown"
JOB_GLIDEIN_Entry_Name = "Unknown"
JOB_GLIDEIN_Factory = "Unknown"
JOB_GLIDEIN_Name = "Unknown"
JOB_GLIDEIN_ProcId = "Unknown"
JOB_GLIDEIN_Schedd = "Unknown"
JOB_GLIDEIN_Site = "FermiGrid"
JOB_GLIDEIN_SiteWMS = "Unknown"
JOB_GLIDEIN_SiteWMS_JobId = "Unknown"
JOB_GLIDEIN_SiteWMS_Queue = "Unknown"
JOB_GLIDEIN_SiteWMS_Slot = "Unknown"
JOB_Site = "FermiGrid"
MemoryUsage = 656
MyType = "JobImageSizeEvent"
Proc = 0
ResidentSetSize = 672108
Size = 656
Subproc = 0
TriggerEventTypeName = "ULOG_IMAGE_SIZE"
TriggerEventTypeNumber = 6
...
006 (43418842.000.000) 2023-01-23 19:43:07 Image size of job updated: 656
	656  -  MemoryUsage of job (MB)
	672360  -  ResidentSetSize of job (KB)
...
028 (43418842.000.000) 2023-01-23 19:43:07 Job ad information event triggered.
Cluster = 43418842
EventTime = "2023-01-23T19:43:07.805"
EventTypeNumber = 28
JOB_GLIDEIN_ClusterId = "Unknown"
JOB_GLIDEIN_Entry_Name = "Unknown"
JOB_GLIDEIN_Factory = "Unknown"
JOB_GLIDEIN_Name = "Unknown"
JOB_GLIDEIN_ProcId = "Unknown"
JOB_GLIDEIN_Schedd = "Unknown"
JOB_GLIDEIN_Site = "FermiGrid"
JOB_GLIDEIN_SiteWMS = "Unknown"
JOB_GLIDEIN_SiteWMS_JobId = "Unknown"
JOB_GLIDEIN_SiteWMS_Queue = "Unknown"
JOB_GLIDEIN_SiteWMS_Slot = "Unknown"
JOB_Site = "FermiGrid"
MemoryUsage = 656
MyType = "JobImageSizeEvent"
Proc = 0
ResidentSetSize = 672360
Size = 656
Subproc = 0
TriggerEventTypeName = "ULOG_IMAGE_SIZE"
TriggerEventTypeNumber = 6
...
006 (43418842.000.000) 2023-01-23 19:44:08 Image size of job updated: 657
	657  -  MemoryUsage of job (MB)
	672780  -  ResidentSetSize of job (KB)
...
028 (43418842.000.000) 2023-01-23 19:44:08 Job ad information event triggered.
Cluster = 43418842
EventTime = "2023-01-23T19:44:08.886"
EventTypeNumber = 28
JOB_GLIDEIN_ClusterId = "Unknown"
JOB_GLIDEIN_Entry_Name = "Unknown"
JOB_GLIDEIN_Factory = "Unknown"
JOB_GLIDEIN_Name = "Unknown"
JOB_GLIDEIN_ProcId = "Unknown"
JOB_GLIDEIN_Schedd = "Unknown"
JOB_GLIDEIN_Site = "FermiGrid"
JOB_GLIDEIN_SiteWMS = "Unknown"
JOB_GLIDEIN_SiteWMS_JobId = "Unknown"
JOB_GLIDEIN_SiteWMS_Queue = "Unknown"
JOB_GLIDEIN_SiteWMS_Slot = "Unknown"
JOB_Site = "FermiGrid"
MemoryUsage = 657
MyType = "JobImageSizeEvent"
Proc = 0
ResidentSetSize = 672780
Size = 657
Subproc = 0
TriggerEventTypeName = "ULOG_IMAGE_SIZE"
TriggerEventTypeNumber = 6
...
006 (43418842.000.000) 2023-01-23 19:46:10 Image size of job updated: 657
	657  -  MemoryUsage of job (MB)
	672784  -  ResidentSetSize of job (KB)
...
028 (43418842.000.000) 2023-01-23 19:46:10 Job ad information event triggered.
Cluster = 43418842
EventTime = "2023-01-23T19:46:10.805"
EventTypeNumber = 28
JOB_GLIDEIN_ClusterId = "Unknown"
JOB_GLIDEIN_Entry_Name = "Unknown"
JOB_GLIDEIN_Factory = "Unknown"
JOB_GLIDEIN_Name = "Unknown"
JOB_GLIDEIN_ProcId = "Unknown"
JOB_GLIDEIN_Schedd = "Unknown"
JOB_GLIDEIN_Site = "FermiGrid"
JOB_GLIDEIN_SiteWMS = "Unknown"
JOB_GLIDEIN_SiteWMS_JobId = "Unknown"
JOB_GLIDEIN_SiteWMS_Queue = "Unknown"
JOB_GLIDEIN_SiteWMS_Slot = "Unknown"
JOB_Site = "FermiGrid"
MemoryUsage = 657
MyType = "JobImageSizeEvent"
Proc = 0
ResidentSetSize = 672784
Size = 657
Subproc = 0
TriggerEventTypeName = "ULOG_IMAGE_SIZE"
TriggerEventTypeNumber = 6
...
006 (43418842.000.000) 2023-01-23 19:47:11 Image size of job updated: 657
	657  -  MemoryUsage of job (MB)
	672796  -  ResidentSetSize of job (KB)
...
028 (43418842.000.000) 2023-01-23 19:47:11 Job ad information event triggered.
Cluster = 43418842
EventTime = "2023-01-23T19:47:11.252"
EventTypeNumber = 28
JOB_GLIDEIN_ClusterId = "Unknown"
JOB_GLIDEIN_Entry_Name = "Unknown"
JOB_GLIDEIN_Factory = "Unknown"
JOB_GLIDEIN_Name = "Unknown"
JOB_GLIDEIN_ProcId = "Unknown"
JOB_GLIDEIN_Schedd = "Unknown"
JOB_GLIDEIN_Site = "FermiGrid"
JOB_GLIDEIN_SiteWMS = "Unknown"
JOB_GLIDEIN_SiteWMS_JobId = "Unknown"
JOB_GLIDEIN_SiteWMS_Queue = "Unknown"
JOB_GLIDEIN_SiteWMS_Slot = "Unknown"
JOB_Site = "FermiGrid"
MemoryUsage = 657
MyType = "JobImageSizeEvent"
Proc = 0
ResidentSetSize = 672796
Size = 657
Subproc = 0
TriggerEventTypeName = "ULOG_IMAGE_SIZE"
TriggerEventTypeNumber = 6
...
006 (43418842.000.000) 2023-01-23 19:49:12 Image size of job updated: 657
	657  -  MemoryUsage of job (MB)
	672808  -  ResidentSetSize of job (KB)
...
028 (43418842.000.000) 2023-01-23 19:49:12 Job ad information event triggered.
Cluster = 43418842
EventTime = "2023-01-23T19:49:12.953"
EventTypeNumber = 28
JOB_GLIDEIN_ClusterId = "Unknown"
JOB_GLIDEIN_Entry_Name = "Unknown"
JOB_GLIDEIN_Factory = "Unknown"
JOB_GLIDEIN_Name = "Unknown"
JOB_GLIDEIN_ProcId = "Unknown"
JOB_GLIDEIN_Schedd = "Unknown"
JOB_GLIDEIN_Site = "FermiGrid"
JOB_GLIDEIN_SiteWMS = "Unknown"
JOB_GLIDEIN_SiteWMS_JobId = "Unknown"
JOB_GLIDEIN_SiteWMS_Queue = "Unknown"
JOB_GLIDEIN_SiteWMS_Slot = "Unknown"
JOB_Site = "FermiGrid"
MemoryUsage = 657
MyType = "JobImageSizeEvent"
Proc = 0
ResidentSetSize = 672808
Size = 657
Subproc = 0
TriggerEventTypeName = "ULOG_IMAGE_SIZE"
TriggerEventTypeNumber = 6
...
006 (43418842.000.000) 2023-01-23 19:53:15 Image size of job updated: 657
	657  -  MemoryUsage of job (MB)
	672852  -  ResidentSetSize of job (KB)
...
028 (43418842.000.000) 2023-01-23 19:53:15 Job ad information event triggered.
Cluster = 43418842
EventTime = "2023-01-23T19:53:15.480"
EventTypeNumber = 28
JOB_GLIDEIN_ClusterId = "Unknown"
JOB_GLIDEIN_Entry_Name = "Unknown"
JOB_GLIDEIN_Factory = "Unknown"
JOB_GLIDEIN_Name = "Unknown"
JOB_GLIDEIN_ProcId = "Unknown"
JOB_GLIDEIN_Schedd = "Unknown"
JOB_GLIDEIN_Site = "FermiGrid"
JOB_GLIDEIN_SiteWMS = "Unknown"
JOB_GLIDEIN_SiteWMS_JobId = "Unknown"
JOB_GLIDEIN_SiteWMS_Queue = "Unknown"
JOB_GLIDEIN_SiteWMS_Slot = "Unknown"
JOB_Site = "FermiGrid"
MemoryUsage = 657
MyType = "JobImageSizeEvent"
Proc = 0
ResidentSetSize = 672852
Size = 657
Subproc = 0
TriggerEventTypeName = "ULOG_IMAGE_SIZE"
TriggerEventTypeNumber = 6
...
006 (43418842.000.000) 2023-01-23 19:56:16 Image size of job updated: 657
	657  -  MemoryUsage of job (MB)
	673052  -  ResidentSetSize of job (KB)
...
028 (43418842.000.000) 2023-01-23 19:56:16 Job ad information event triggered.
Cluster = 43418842
EventTime = "2023-01-23T19:56:16.043"
EventTypeNumber = 28
JOB_GLIDEIN_ClusterId = "Unknown"
JOB_GLIDEIN_Entry_Name = "Unknown"
JOB_GLIDEIN_Factory = "Unknown"
JOB_GLIDEIN_Name = "Unknown"
JOB_GLIDEIN_ProcId = "Unknown"
JOB_GLIDEIN_Schedd = "Unknown"
JOB_GLIDEIN_Site = "FermiGrid"
JOB_GLIDEIN_SiteWMS = "Unknown"
JOB_GLIDEIN_SiteWMS_JobId = "Unknown"
JOB_GLIDEIN_SiteWMS_Queue = "Unknown"
JOB_GLIDEIN_SiteWMS_Slot = "Unknown"
JOB_Site = "FermiGrid"
MemoryUsage = 657
MyType = "JobImageSizeEvent"
Proc = 0
ResidentSetSize = 673052
Size = 657
Subproc = 0
TriggerEventTypeName = "ULOG_IMAGE_SIZE"
TriggerEventTypeNumber = 6
...
006 (43418842.000.000) 2023-01-23 20:01:18 Image size of job updated: 657
	657  -  MemoryUsage of job (MB)
	673056  -  ResidentSetSize of job (KB)
...
028 (43418842.000.000) 2023-01-23 20:01:18 Job ad information event triggered.
Cluster = 43418842
EventTime = "2023-01-23T20:01:18.293"
EventTypeNumber = 28
JOB_GLIDEIN_ClusterId = "Unknown"
JOB_GLIDEIN_Entry_Name = "Unknown"
JOB_GLIDEIN_Factory = "Unknown"
JOB_GLIDEIN_Name = "Unknown"
JOB_GLIDEIN_ProcId = "Unknown"
JOB_GLIDEIN_Schedd = "Unknown"
JOB_GLIDEIN_Site = "FermiGrid"
JOB_GLIDEIN_SiteWMS = "Unknown"
JOB_GLIDEIN_SiteWMS_JobId = "Unknown"
JOB_GLIDEIN_SiteWMS_Queue = "Unknown"
JOB_GLIDEIN_SiteWMS_Slot = "Unknown"
JOB_Site = "FermiGrid"
MemoryUsage = 657
MyType = "JobImageSizeEvent"
Proc = 0
ResidentSetSize = 673056
Size = 657
Subproc = 0
TriggerEventTypeName = "ULOG_IMAGE_SIZE"
TriggerEventTypeNumber = 6
...
006 (43418842.000.000) 2023-01-23 20:02:18 Image size of job updated: 657
	657  -  MemoryUsage of job (MB)
	673072  -  ResidentSetSize of job (KB)
...
028 (43418842.000.000) 2023-01-23 20:02:18 Job ad information event triggered.
Cluster = 43418842
EventTime = "2023-01-23T20:02:18.972"
EventTypeNumber = 28
JOB_GLIDEIN_ClusterId = "Unknown"
JOB_GLIDEIN_Entry_Name = "Unknown"
JOB_GLIDEIN_Factory = "Unknown"
JOB_GLIDEIN_Name = "Unknown"
JOB_GLIDEIN_ProcId = "Unknown"
JOB_GLIDEIN_Schedd = "Unknown"
JOB_GLIDEIN_Site = "FermiGrid"
JOB_GLIDEIN_SiteWMS = "Unknown"
JOB_GLIDEIN_SiteWMS_JobId = "Unknown"
JOB_GLIDEIN_SiteWMS_Queue = "Unknown"
JOB_GLIDEIN_SiteWMS_Slot = "Unknown"
JOB_Site = "FermiGrid"
MemoryUsage = 657
MyType = "JobImageSizeEvent"
Proc = 0
ResidentSetSize = 673072
Size = 657
Subproc = 0
TriggerEventTypeName = "ULOG_IMAGE_SIZE"
TriggerEventTypeNumber = 6
...
006 (43418842.000.000) 2023-01-23 20:12:26 Image size of job updated: 657
	657  -  MemoryUsage of job (MB)
	673316  -  ResidentSetSize of job (KB)
...
028 (43418842.000.000) 2023-01-23 20:12:26 Job ad information event triggered.
Cluster = 43418842
EventTime = "2023-01-23T20:12:26.155"
EventTypeNumber = 28
JOB_GLIDEIN_ClusterId = "Unknown"
JOB_GLIDEIN_Entry_Name = "Unknown"
JOB_GLIDEIN_Factory = "Unknown"
JOB_GLIDEIN_Name = "Unknown"
JOB_GLIDEIN_ProcId = "Unknown"
JOB_GLIDEIN_Schedd = "Unknown"
JOB_GLIDEIN_Site = "FermiGrid"
JOB_GLIDEIN_SiteWMS = "Unknown"
JOB_GLIDEIN_SiteWMS_JobId = "Unknown"
JOB_GLIDEIN_SiteWMS_Queue = "Unknown"
JOB_GLIDEIN_SiteWMS_Slot = "Unknown"
JOB_Site = "FermiGrid"
MemoryUsage = 657
MyType = "JobImageSizeEvent"
Proc = 0
ResidentSetSize = 673316
Size = 657
Subproc = 0
TriggerEventTypeName = "ULOG_IMAGE_SIZE"
TriggerEventTypeNumber = 6
...
006 (43418842.000.000) 2023-01-23 20:14:26 Image size of job updated: 665
	665  -  MemoryUsage of job (MB)
	681944  -  ResidentSetSize of job (KB)
...
028 (43418842.000.000) 2023-01-23 20:14:26 Job ad information event triggered.
Cluster = 43418842
EventTime = "2023-01-23T20:14:26.581"
EventTypeNumber = 28
JOB_GLIDEIN_ClusterId = "Unknown"
JOB_GLIDEIN_Entry_Name = "Unknown"
JOB_GLIDEIN_Factory = "Unknown"
JOB_GLIDEIN_Name = "Unknown"
JOB_GLIDEIN_ProcId = "Unknown"
JOB_GLIDEIN_Schedd = "Unknown"
JOB_GLIDEIN_Site = "FermiGrid"
JOB_GLIDEIN_SiteWMS = "Unknown"
JOB_GLIDEIN_SiteWMS_JobId = "Unknown"
JOB_GLIDEIN_SiteWMS_Queue = "Unknown"
JOB_GLIDEIN_SiteWMS_Slot = "Unknown"
JOB_Site = "FermiGrid"
MemoryUsage = 665
MyType = "JobImageSizeEvent"
Proc = 0
ResidentSetSize = 681944
Size = 665
Subproc = 0
TriggerEventTypeName = "ULOG_IMAGE_SIZE"
TriggerEventTypeNumber = 6
...
006 (43418842.000.000) 2023-01-23 20:15:27 Image size of job updated: 665
	665  -  MemoryUsage of job (MB)
	681948  -  ResidentSetSize of job (KB)
...
028 (43418842.000.000) 2023-01-23 20:15:27 Job ad information event triggered.
Cluster = 43418842
EventTime = "2023-01-23T20:15:27.902"
EventTypeNumber = 28
JOB_GLIDEIN_ClusterId = "Unknown"
JOB_GLIDEIN_Entry_Name = "Unknown"
JOB_GLIDEIN_Factory = "Unknown"
JOB_GLIDEIN_Name = "Unknown"
JOB_GLIDEIN_ProcId = "Unknown"
JOB_GLIDEIN_Schedd = "Unknown"
JOB_GLIDEIN_Site = "FermiGrid"
JOB_GLIDEIN_SiteWMS = "Unknown"
JOB_GLIDEIN_SiteWMS_JobId = "Unknown"
JOB_GLIDEIN_SiteWMS_Queue = "Unknown"
JOB_GLIDEIN_SiteWMS_Slot = "Unknown"
JOB_Site = "FermiGrid"
MemoryUsage = 665
MyType = "JobImageSizeEvent"
Proc = 0
ResidentSetSize = 681948
Size = 665
Subproc = 0
TriggerEventTypeName = "ULOG_IMAGE_SIZE"
TriggerEventTypeNumber = 6
...
006 (43418842.000.000) 2023-01-23 20:16:29 Image size of job updated: 666
	666  -  MemoryUsage of job (MB)
	682084  -  ResidentSetSize of job (KB)
...
028 (43418842.000.000) 2023-01-23 20:16:29 Job ad information event triggered.
Cluster = 43418842
EventTime = "2023-01-23T20:16:29.291"
EventTypeNumber = 28
JOB_GLIDEIN_ClusterId = "Unknown"
JOB_GLIDEIN_Entry_Name = "Unknown"
JOB_GLIDEIN_Factory = "Unknown"
JOB_GLIDEIN_Name = "Unknown"
JOB_GLIDEIN_ProcId = "Unknown"
JOB_GLIDEIN_Schedd = "Unknown"
JOB_GLIDEIN_Site = "FermiGrid"
JOB_GLIDEIN_SiteWMS = "Unknown"
JOB_GLIDEIN_SiteWMS_JobId = "Unknown"
JOB_GLIDEIN_SiteWMS_Queue = "Unknown"
JOB_GLIDEIN_SiteWMS_Slot = "Unknown"
JOB_Site = "FermiGrid"
MemoryUsage = 666
MyType = "JobImageSizeEvent"
Proc = 0
ResidentSetSize = 682084
Size = 666
Subproc = 0
TriggerEventTypeName = "ULOG_IMAGE_SIZE"
TriggerEventTypeNumber = 6
...
006 (43418842.000.000) 2023-01-23 20:20:30 Image size of job updated: 666
	666  -  MemoryUsage of job (MB)
	682108  -  ResidentSetSize of job (KB)
...
028 (43418842.000.000) 2023-01-23 20:20:30 Job ad information event triggered.
Cluster = 43418842
EventTime = "2023-01-23T20:20:30.277"
EventTypeNumber = 28
JOB_GLIDEIN_ClusterId = "Unknown"
JOB_GLIDEIN_Entry_Name = "Unknown"
JOB_GLIDEIN_Factory = "Unknown"
JOB_GLIDEIN_Name = "Unknown"
JOB_GLIDEIN_ProcId = "Unknown"
JOB_GLIDEIN_Schedd = "Unknown"
JOB_GLIDEIN_Site = "FermiGrid"
JOB_GLIDEIN_SiteWMS = "Unknown"
JOB_GLIDEIN_SiteWMS_JobId = "Unknown"
JOB_GLIDEIN_SiteWMS_Queue = "Unknown"
JOB_GLIDEIN_SiteWMS_Slot = "Unknown"
JOB_Site = "FermiGrid"
MemoryUsage = 666
MyType = "JobImageSizeEvent"
Proc = 0
ResidentSetSize = 682108
Size = 666
Subproc = 0
TriggerEventTypeName = "ULOG_IMAGE_SIZE"
TriggerEventTypeNumber = 6
...
006 (43418842.000.000) 2023-01-23 20:23:32 Image size of job updated: 666
	666  -  MemoryUsage of job (MB)
	682196  -  ResidentSetSize of job (KB)
...
028 (43418842.000.000) 2023-01-23 20:23:32 Job ad information event triggered.
Cluster = 43418842
EventTime = "2023-01-23T20:23:32.093"
EventTypeNumber = 28
JOB_GLIDEIN_ClusterId = "Unknown"
JOB_GLIDEIN_Entry_Name = "Unknown"
JOB_GLIDEIN_Factory = "Unknown"
JOB_GLIDEIN_Name = "Unknown"
JOB_GLIDEIN_ProcId = "Unknown"
JOB_GLIDEIN_Schedd = "Unknown"
JOB_GLIDEIN_Site = "FermiGrid"
JOB_GLIDEIN_SiteWMS = "Unknown"
JOB_GLIDEIN_SiteWMS_JobId = "Unknown"
JOB_GLIDEIN_SiteWMS_Queue = "Unknown"
JOB_GLIDEIN_SiteWMS_Slot = "Unknown"
JOB_Site = "FermiGrid"
MemoryUsage = 666
MyType = "JobImageSizeEvent"
Proc = 0
ResidentSetSize = 682196
Size = 666
Subproc = 0
TriggerEventTypeName = "ULOG_IMAGE_SIZE"
TriggerEventTypeNumber = 6
...
006 (43418842.000.000) 2023-01-23 20:27:33 Image size of job updated: 666
	666  -  MemoryUsage of job (MB)
	682232  -  ResidentSetSize of job (KB)
...
028 (43418842.000.000) 2023-01-23 20:27:33 Job ad information event triggered.
Cluster = 43418842
EventTime = "2023-01-23T20:27:33.427"
EventTypeNumber = 28
JOB_GLIDEIN_ClusterId = "Unknown"
JOB_GLIDEIN_Entry_Name = "Unknown"
JOB_GLIDEIN_Factory = "Unknown"
JOB_GLIDEIN_Name = "Unknown"
JOB_GLIDEIN_ProcId = "Unknown"
JOB_GLIDEIN_Schedd = "Unknown"
JOB_GLIDEIN_Site = "FermiGrid"
JOB_GLIDEIN_SiteWMS = "Unknown"
JOB_GLIDEIN_SiteWMS_JobId = "Unknown"
JOB_GLIDEIN_SiteWMS_Queue = "Unknown"
JOB_GLIDEIN_SiteWMS_Slot = "Unknown"
JOB_Site = "FermiGrid"
MemoryUsage = 666
MyType = "JobImageSizeEvent"
Proc = 0
ResidentSetSize = 682232
Size = 666
Subproc = 0
TriggerEventTypeName = "ULOG_IMAGE_SIZE"
TriggerEventTypeNumber = 6
...
006 (43418842.000.000) 2023-01-23 20:34:38 Image size of job updated: 666
	666  -  MemoryUsage of job (MB)
	682864  -  ResidentSetSize of job (KB)
...
028 (43418842.000.000) 2023-01-23 20:34:38 Job ad information event triggered.
Cluster = 43418842
EventTime = "2023-01-23T20:34:38.119"
EventTypeNumber = 28
JOB_GLIDEIN_ClusterId = "Unknown"
JOB_GLIDEIN_Entry_Name = "Unknown"
JOB_GLIDEIN_Factory = "Unknown"
JOB_GLIDEIN_Name = "Unknown"
JOB_GLIDEIN_ProcId = "Unknown"
JOB_GLIDEIN_Schedd = "Unknown"
JOB_GLIDEIN_Site = "FermiGrid"
JOB_GLIDEIN_SiteWMS = "Unknown"
JOB_GLIDEIN_SiteWMS_JobId = "Unknown"
JOB_GLIDEIN_SiteWMS_Queue = "Unknown"
JOB_GLIDEIN_SiteWMS_Slot = "Unknown"
JOB_Site = "FermiGrid"
MemoryUsage = 666
MyType = "JobImageSizeEvent"
Proc = 0
ResidentSetSize = 682864
Size = 666
Subproc = 0
TriggerEventTypeName = "ULOG_IMAGE_SIZE"
TriggerEventTypeNumber = 6
...
006 (43418842.000.000) 2023-01-23 20:46:42 Image size of job updated: 667
	667  -  MemoryUsage of job (MB)
	683296  -  ResidentSetSize of job (KB)
...
028 (43418842.000.000) 2023-01-23 20:46:42 Job ad information event triggered.
Cluster = 43418842
EventTime = "2023-01-23T20:46:42.811"
EventTypeNumber = 28
JOB_GLIDEIN_ClusterId = "Unknown"
JOB_GLIDEIN_Entry_Name = "Unknown"
JOB_GLIDEIN_Factory = "Unknown"
JOB_GLIDEIN_Name = "Unknown"
JOB_GLIDEIN_ProcId = "Unknown"
JOB_GLIDEIN_Schedd = "Unknown"
JOB_GLIDEIN_Site = "FermiGrid"
JOB_GLIDEIN_SiteWMS = "Unknown"
JOB_GLIDEIN_SiteWMS_JobId = "Unknown"
JOB_GLIDEIN_SiteWMS_Queue = "Unknown"
JOB_GLIDEIN_SiteWMS_Slot = "Unknown"
JOB_Site = "FermiGrid"
MemoryUsage = 667
MyType = "JobImageSizeEvent"
Proc = 0
ResidentSetSize = 683296
Size = 667
Subproc = 0
TriggerEventTypeName = "ULOG_IMAGE_SIZE"
TriggerEventTypeNumber = 6
...
006 (43418842.000.000) 2023-01-23 20:49:45 Image size of job updated: 668
	668  -  MemoryUsage of job (MB)
	684160  -  ResidentSetSize of job (KB)
...
028 (43418842.000.000) 2023-01-23 20:49:45 Job ad information event triggered.
Cluster = 43418842
EventTime = "2023-01-23T20:49:45.299"
EventTypeNumber = 28
JOB_GLIDEIN_ClusterId = "Unknown"
JOB_GLIDEIN_Entry_Name = "Unknown"
JOB_GLIDEIN_Factory = "Unknown"
JOB_GLIDEIN_Name = "Unknown"
JOB_GLIDEIN_ProcId = "Unknown"
JOB_GLIDEIN_Schedd = "Unknown"
JOB_GLIDEIN_Site = "FermiGrid"
JOB_GLIDEIN_SiteWMS = "Unknown"
JOB_GLIDEIN_SiteWMS_JobId = "Unknown"
JOB_GLIDEIN_SiteWMS_Queue = "Unknown"
JOB_GLIDEIN_SiteWMS_Slot = "Unknown"
JOB_Site = "FermiGrid"
MemoryUsage = 668
MyType = "JobImageSizeEvent"
Proc = 0
ResidentSetSize = 684160
Size = 668
Subproc = 0
TriggerEventTypeName = "ULOG_IMAGE_SIZE"
TriggerEventTypeNumber = 6
...
006 (43418842.000.000) 2023-01-23 20:50:45 Image size of job updated: 668
	668  -  MemoryUsage of job (MB)
	684204  -  ResidentSetSize of job (KB)
...
028 (43418842.000.000) 2023-01-23 20:50:45 Job ad information event triggered.
Cluster = 43418842
EventTime = "2023-01-23T20:50:45.409"
EventTypeNumber = 28
JOB_GLIDEIN_ClusterId = "Unknown"
JOB_GLIDEIN_Entry_Name = "Unknown"
JOB_GLIDEIN_Factory = "Unknown"
JOB_GLIDEIN_Name = "Unknown"
JOB_GLIDEIN_ProcId = "Unknown"
JOB_GLIDEIN_Schedd = "Unknown"
JOB_GLIDEIN_Site = "FermiGrid"
JOB_GLIDEIN_SiteWMS = "Unknown"
JOB_GLIDEIN_SiteWMS_JobId = "Unknown"
JOB_GLIDEIN_SiteWMS_Queue = "Unknown"
JOB_GLIDEIN_SiteWMS_Slot = "Unknown"
JOB_Site = "FermiGrid"
MemoryUsage = 668
MyType = "JobImageSizeEvent"
Proc = 0
ResidentSetSize = 684204
Size = 668
Subproc = 0
TriggerEventTypeName = "ULOG_IMAGE_SIZE"
TriggerEventTypeNumber = 6
...
006 (43418842.000.000) 2023-01-23 20:52:46 Image size of job updated: 668
	668  -  MemoryUsage of job (MB)
	684208  -  ResidentSetSize of job (KB)
...
028 (43418842.000.000) 2023-01-23 20:52:46 Job ad information event triggered.
Cluster = 43418842
EventTime = "2023-01-23T20:52:46.127"
EventTypeNumber = 28
JOB_GLIDEIN_ClusterId = "Unknown"
JOB_GLIDEIN_Entry_Name = "Unknown"
JOB_GLIDEIN_Factory = "Unknown"
JOB_GLIDEIN_Name = "Unknown"
JOB_GLIDEIN_ProcId = "Unknown"
JOB_GLIDEIN_Schedd = "Unknown"
JOB_GLIDEIN_Site = "FermiGrid"
JOB_GLIDEIN_SiteWMS = "Unknown"
JOB_GLIDEIN_SiteWMS_JobId = "Unknown"
JOB_GLIDEIN_SiteWMS_Queue = "Unknown"
JOB_GLIDEIN_SiteWMS_Slot = "Unknown"
JOB_Site = "FermiGrid"
MemoryUsage = 668
MyType = "JobImageSizeEvent"
Proc = 0
ResidentSetSize = 684208
Size = 668
Subproc = 0
TriggerEventTypeName = "ULOG_IMAGE_SIZE"
TriggerEventTypeNumber = 6
...
006 (43418842.000.000) 2023-01-23 20:53:46 Image size of job updated: 668
	668  -  MemoryUsage of job (MB)
	684220  -  ResidentSetSize of job (KB)
...
028 (43418842.000.000) 2023-01-23 20:53:46 Job ad information event triggered.
Cluster = 43418842
EventTime = "2023-01-23T20:53:46.486"
EventTypeNumber = 28
JOB_GLIDEIN_ClusterId = "Unknown"
JOB_GLIDEIN_Entry_Name = "Unknown"
JOB_GLIDEIN_Factory = "Unknown"
JOB_GLIDEIN_Name = "Unknown"
JOB_GLIDEIN_ProcId = "Unknown"
JOB_GLIDEIN_Schedd = "Unknown"
JOB_GLIDEIN_Site = "FermiGrid"
JOB_GLIDEIN_SiteWMS = "Unknown"
JOB_GLIDEIN_SiteWMS_JobId = "Unknown"
JOB_GLIDEIN_SiteWMS_Queue = "Unknown"
JOB_GLIDEIN_SiteWMS_Slot = "Unknown"
JOB_Site = "FermiGrid"
MemoryUsage = 668
MyType = "JobImageSizeEvent"
Proc = 0
ResidentSetSize = 684220
Size = 668
Subproc = 0
TriggerEventTypeName = "ULOG_IMAGE_SIZE"
TriggerEventTypeNumber = 6
...
006 (43418842.000.000) 2023-01-23 20:54:46 Image size of job updated: 668
	668  -  MemoryUsage of job (MB)
	684228  -  ResidentSetSize of job (KB)
...
028 (43418842.000.000) 2023-01-23 20:54:46 Job ad information event triggered.
Cluster = 43418842
EventTime = "2023-01-23T20:54:46.113"
EventTypeNumber = 28
JOB_GLIDEIN_ClusterId = "Unknown"
JOB_GLIDEIN_Entry_Name = "Unknown"
JOB_GLIDEIN_Factory = "Unknown"
JOB_GLIDEIN_Name = "Unknown"
JOB_GLIDEIN_ProcId = "Unknown"
JOB_GLIDEIN_Schedd = "Unknown"
JOB_GLIDEIN_Site = "FermiGrid"
JOB_GLIDEIN_SiteWMS = "Unknown"
JOB_GLIDEIN_SiteWMS_JobId = "Unknown"
JOB_GLIDEIN_SiteWMS_Queue = "Unknown"
JOB_GLIDEIN_SiteWMS_Slot = "Unknown"
JOB_Site = "FermiGrid"
MemoryUsage = 668
MyType = "JobImageSizeEvent"
Proc = 0
ResidentSetSize = 684228
Size = 668
Subproc = 0
TriggerEventTypeName = "ULOG_IMAGE_SIZE"
TriggerEventTypeNumber = 6
...
006 (43418842.000.000) 2023-01-23 20:57:47 Image size of job updated: 668
	668  -  MemoryUsage of job (MB)
	684252  -  ResidentSetSize of job (KB)
...
028 (43418842.000.000) 2023-01-23 20:57:47 Job ad information event triggered.
Cluster = 43418842
EventTime = "2023-01-23T20:57:47.825"
EventTypeNumber = 28
JOB_GLIDEIN_ClusterId = "Unknown"
JOB_GLIDEIN_Entry_Name = "Unknown"
JOB_GLIDEIN_Factory = "Unknown"
JOB_GLIDEIN_Name = "Unknown"
JOB_GLIDEIN_ProcId = "Unknown"
JOB_GLIDEIN_Schedd = "Unknown"
JOB_GLIDEIN_Site = "FermiGrid"
JOB_GLIDEIN_SiteWMS = "Unknown"
JOB_GLIDEIN_SiteWMS_JobId = "Unknown"
JOB_GLIDEIN_SiteWMS_Queue = "Unknown"
JOB_GLIDEIN_SiteWMS_Slot = "Unknown"
JOB_Site = "FermiGrid"
MemoryUsage = 668
MyType = "JobImageSizeEvent"
Proc = 0
ResidentSetSize = 684252
Size = 668
Subproc = 0
TriggerEventTypeName = "ULOG_IMAGE_SIZE"
TriggerEventTypeNumber = 6
...
006 (43418842.000.000) 2023-01-23 20:58:48 Image size of job updated: 668
	668  -  MemoryUsage of job (MB)
	684256  -  ResidentSetSize of job (KB)
...
028 (43418842.000.000) 2023-01-23 20:58:48 Job ad information event triggered.
Cluster = 43418842
EventTime = "2023-01-23T20:58:48.477"
EventTypeNumber = 28
JOB_GLIDEIN_ClusterId = "Unknown"
JOB_GLIDEIN_Entry_Name = "Unknown"
JOB_GLIDEIN_Factory = "Unknown"
JOB_GLIDEIN_Name = "Unknown"
JOB_GLIDEIN_ProcId = "Unknown"
JOB_GLIDEIN_Schedd = "Unknown"
JOB_GLIDEIN_Site = "FermiGrid"
JOB_GLIDEIN_SiteWMS = "Unknown"
JOB_GLIDEIN_SiteWMS_JobId = "Unknown"
JOB_GLIDEIN_SiteWMS_Queue = "Unknown"
JOB_GLIDEIN_SiteWMS_Slot = "Unknown"
JOB_Site = "FermiGrid"
MemoryUsage = 668
MyType = "JobImageSizeEvent"
Proc = 0
ResidentSetSize = 684256
Size = 668
Subproc = 0
TriggerEventTypeName = "ULOG_IMAGE_SIZE"
TriggerEventTypeNumber = 6
...
006 (43418842.000.000) 2023-01-23 21:04:52 Image size of job updated: 668
	668  -  MemoryUsage of job (MB)
	684260  -  ResidentSetSize of job (KB)
...
028 (43418842.000.000) 2023-01-23 21:04:52 Job ad information event triggered.
Cluster = 43418842
EventTime = "2023-01-23T21:04:52.071"
EventTypeNumber = 28
JOB_GLIDEIN_ClusterId = "Unknown"
JOB_GLIDEIN_Entry_Name = "Unknown"
JOB_GLIDEIN_Factory = "Unknown"
JOB_GLIDEIN_Name = "Unknown"
JOB_GLIDEIN_ProcId = "Unknown"
JOB_GLIDEIN_Schedd = "Unknown"
JOB_GLIDEIN_Site = "FermiGrid"
JOB_GLIDEIN_SiteWMS = "Unknown"
JOB_GLIDEIN_SiteWMS_JobId = "Unknown"
JOB_GLIDEIN_SiteWMS_Queue = "Unknown"
JOB_GLIDEIN_SiteWMS_Slot = "Unknown"
JOB_Site = "FermiGrid"
MemoryUsage = 668
MyType = "JobImageSizeEvent"
Proc = 0
ResidentSetSize = 684260
Size = 668
Subproc = 0
TriggerEventTypeName = "ULOG_IMAGE_SIZE"
TriggerEventTypeNumber = 6
...
006 (43418842.000.000) 2023-01-23 21:23:01 Image size of job updated: 668
	668  -  MemoryUsage of job (MB)
	684268  -  ResidentSetSize of job (KB)
...
028 (43418842.000.000) 2023-01-23 21:23:01 Job ad information event triggered.
Cluster = 43418842
EventTime = "2023-01-23T21:23:01.093"
EventTypeNumber = 28
JOB_GLIDEIN_ClusterId = "Unknown"
JOB_GLIDEIN_Entry_Name = "Unknown"
JOB_GLIDEIN_Factory = "Unknown"
JOB_GLIDEIN_Name = "Unknown"
JOB_GLIDEIN_ProcId = "Unknown"
JOB_GLIDEIN_Schedd = "Unknown"
JOB_GLIDEIN_Site = "FermiGrid"
JOB_GLIDEIN_SiteWMS = "Unknown"
JOB_GLIDEIN_SiteWMS_JobId = "Unknown"
JOB_GLIDEIN_SiteWMS_Queue = "Unknown"
JOB_GLIDEIN_SiteWMS_Slot = "Unknown"
JOB_Site = "FermiGrid"
MemoryUsage = 668
MyType = "JobImageSizeEvent"
Proc = 0
ResidentSetSize = 684268
Size = 668
Subproc = 0
TriggerEventTypeName = "ULOG_IMAGE_SIZE"
TriggerEventTypeNumber = 6
...
006 (43418842.000.000) 2023-01-23 21:25:01 Image size of job updated: 668
	668  -  MemoryUsage of job (MB)
	684808  -  ResidentSetSize of job (KB)
...
028 (43418842.000.000) 2023-01-23 21:25:01 Job ad information event triggered.
Cluster = 43418842
EventTime = "2023-01-23T21:25:01.471"
EventTypeNumber = 28
JOB_GLIDEIN_ClusterId = "Unknown"
JOB_GLIDEIN_Entry_Name = "Unknown"
JOB_GLIDEIN_Factory = "Unknown"
JOB_GLIDEIN_Name = "Unknown"
JOB_GLIDEIN_ProcId = "Unknown"
JOB_GLIDEIN_Schedd = "Unknown"
JOB_GLIDEIN_Site = "FermiGrid"
JOB_GLIDEIN_SiteWMS = "Unknown"
JOB_GLIDEIN_SiteWMS_JobId = "Unknown"
JOB_GLIDEIN_SiteWMS_Queue = "Unknown"
JOB_GLIDEIN_SiteWMS_Slot = "Unknown"
JOB_Site = "FermiGrid"
MemoryUsage = 668
MyType = "JobImageSizeEvent"
Proc = 0
ResidentSetSize = 684808
Size = 668
Subproc = 0
TriggerEventTypeName = "ULOG_IMAGE_SIZE"
TriggerEventTypeNumber = 6
...
006 (43418842.000.000) 2023-01-23 21:26:01 Image size of job updated: 668
	668  -  MemoryUsage of job (MB)
	684824  -  ResidentSetSize of job (KB)
...
028 (43418842.000.000) 2023-01-23 21:26:01 Job ad information event triggered.
Cluster = 43418842
EventTime = "2023-01-23T21:26:01.779"
EventTypeNumber = 28
JOB_GLIDEIN_ClusterId = "Unknown"
JOB_GLIDEIN_Entry_Name = "Unknown"
JOB_GLIDEIN_Factory = "Unknown"
JOB_GLIDEIN_Name = "Unknown"
JOB_GLIDEIN_ProcId = "Unknown"
JOB_GLIDEIN_Schedd = "Unknown"
JOB_GLIDEIN_Site = "FermiGrid"
JOB_GLIDEIN_SiteWMS = "Unknown"
JOB_GLIDEIN_SiteWMS_JobId = "Unknown"
JOB_GLIDEIN_SiteWMS_Queue = "Unknown"
JOB_GLIDEIN_SiteWMS_Slot = "Unknown"
JOB_Site = "FermiGrid"
MemoryUsage = 668
MyType = "JobImageSizeEvent"
Proc = 0
ResidentSetSize = 684824
Size = 668
Subproc = 0
TriggerEventTypeName = "ULOG_IMAGE_SIZE"
TriggerEventTypeNumber = 6
...
006 (43418842.000.000) 2023-01-23 21:29:03 Image size of job updated: 668
	668  -  MemoryUsage of job (MB)
	684828  -  ResidentSetSize of job (KB)
...
028 (43418842.000.000) 2023-01-23 21:29:03 Job ad information event triggered.
Cluster = 43418842
EventTime = "2023-01-23T21:29:03.624"
EventTypeNumber = 28
JOB_GLIDEIN_ClusterId = "Unknown"
JOB_GLIDEIN_Entry_Name = "Unknown"
JOB_GLIDEIN_Factory = "Unknown"
JOB_GLIDEIN_Name = "Unknown"
JOB_GLIDEIN_ProcId = "Unknown"
JOB_GLIDEIN_Schedd = "Unknown"
JOB_GLIDEIN_Site = "FermiGrid"
JOB_GLIDEIN_SiteWMS = "Unknown"
JOB_GLIDEIN_SiteWMS_JobId = "Unknown"
JOB_GLIDEIN_SiteWMS_Queue = "Unknown"
JOB_GLIDEIN_SiteWMS_Slot = "Unknown"
JOB_Site = "FermiGrid"
MemoryUsage = 668
MyType = "JobImageSizeEvent"
Proc = 0
ResidentSetSize = 684828
Size = 668
Subproc = 0
TriggerEventTypeName = "ULOG_IMAGE_SIZE"
TriggerEventTypeNumber = 6
...
006 (43418842.000.000) 2023-01-23 21:32:06 Image size of job updated: 668
	668  -  MemoryUsage of job (MB)
	684844  -  ResidentSetSize of job (KB)
...
028 (43418842.000.000) 2023-01-23 21:32:06 Job ad information event triggered.
Cluster = 43418842
EventTime = "2023-01-23T21:32:06.759"
EventTypeNumber = 28
JOB_GLIDEIN_ClusterId = "Unknown"
JOB_GLIDEIN_Entry_Name = "Unknown"
JOB_GLIDEIN_Factory = "Unknown"
JOB_GLIDEIN_Name = "Unknown"
JOB_GLIDEIN_ProcId = "Unknown"
JOB_GLIDEIN_Schedd = "Unknown"
JOB_GLIDEIN_Site = "FermiGrid"
JOB_GLIDEIN_SiteWMS = "Unknown"
JOB_GLIDEIN_SiteWMS_JobId = "Unknown"
JOB_GLIDEIN_SiteWMS_Queue = "Unknown"
JOB_GLIDEIN_SiteWMS_Slot = "Unknown"
JOB_Site = "FermiGrid"
MemoryUsage = 668
MyType = "JobImageSizeEvent"
Proc = 0
ResidentSetSize = 684844
Size = 668
Subproc = 0
TriggerEventTypeName = "ULOG_IMAGE_SIZE"
TriggerEventTypeNumber = 6
...
006 (43418842.000.000) 2023-01-23 21:37:08 Image size of job updated: 669
	669  -  MemoryUsage of job (MB)
	685528  -  ResidentSetSize of job (KB)
...
028 (43418842.000.000) 2023-01-23 21:37:08 Job ad information event triggered.
Cluster = 43418842
EventTime = "2023-01-23T21:37:08.121"
EventTypeNumber = 28
JOB_GLIDEIN_ClusterId = "Unknown"
JOB_GLIDEIN_Entry_Name = "Unknown"
JOB_GLIDEIN_Factory = "Unknown"
JOB_GLIDEIN_Name = "Unknown"
JOB_GLIDEIN_ProcId = "Unknown"
JOB_GLIDEIN_Schedd = "Unknown"
JOB_GLIDEIN_Site = "FermiGrid"
JOB_GLIDEIN_SiteWMS = "Unknown"
JOB_GLIDEIN_SiteWMS_JobId = "Unknown"
JOB_GLIDEIN_SiteWMS_Queue = "Unknown"
JOB_GLIDEIN_SiteWMS_Slot = "Unknown"
JOB_Site = "FermiGrid"
MemoryUsage = 669
MyType = "JobImageSizeEvent"
Proc = 0
ResidentSetSize = 685528
Size = 669
Subproc = 0
TriggerEventTypeName = "ULOG_IMAGE_SIZE"
TriggerEventTypeNumber = 6
...
006 (43418842.000.000) 2023-01-23 21:45:13 Image size of job updated: 669
	669  -  MemoryUsage of job (MB)
	685536  -  ResidentSetSize of job (KB)
...
028 (43418842.000.000) 2023-01-23 21:45:13 Job ad information event triggered.
Cluster = 43418842
EventTime = "2023-01-23T21:45:13.572"
EventTypeNumber = 28
JOB_GLIDEIN_ClusterId = "Unknown"
JOB_GLIDEIN_Entry_Name = "Unknown"
JOB_GLIDEIN_Factory = "Unknown"
JOB_GLIDEIN_Name = "Unknown"
JOB_GLIDEIN_ProcId = "Unknown"
JOB_GLIDEIN_Schedd = "Unknown"
JOB_GLIDEIN_Site = "FermiGrid"
JOB_GLIDEIN_SiteWMS = "Unknown"
JOB_GLIDEIN_SiteWMS_JobId = "Unknown"
JOB_GLIDEIN_SiteWMS_Queue = "Unknown"
JOB_GLIDEIN_SiteWMS_Slot = "Unknown"
JOB_Site = "FermiGrid"
MemoryUsage = 669
MyType = "JobImageSizeEvent"
Proc = 0
ResidentSetSize = 685536
Size = 669
Subproc = 0
TriggerEventTypeName = "ULOG_IMAGE_SIZE"
TriggerEventTypeNumber = 6
...
006 (43418842.000.000) 2023-01-23 21:53:19 Image size of job updated: 669
	669  -  MemoryUsage of job (MB)
	685544  -  ResidentSetSize of job (KB)
...
028 (43418842.000.000) 2023-01-23 21:53:19 Job ad information event triggered.
Cluster = 43418842
EventTime = "2023-01-23T21:53:19.915"
EventTypeNumber = 28
JOB_GLIDEIN_ClusterId = "Unknown"
JOB_GLIDEIN_Entry_Name = "Unknown"
JOB_GLIDEIN_Factory = "Unknown"
JOB_GLIDEIN_Name = "Unknown"
JOB_GLIDEIN_ProcId = "Unknown"
JOB_GLIDEIN_Schedd = "Unknown"
JOB_GLIDEIN_Site = "FermiGrid"
JOB_GLIDEIN_SiteWMS = "Unknown"
JOB_GLIDEIN_SiteWMS_JobId = "Unknown"
JOB_GLIDEIN_SiteWMS_Queue = "Unknown"
JOB_GLIDEIN_SiteWMS_Slot = "Unknown"
JOB_Site = "FermiGrid"
MemoryUsage = 669
MyType = "JobImageSizeEvent"
Proc = 0
ResidentSetSize = 685544
Size = 669
Subproc = 0
TriggerEventTypeName = "ULOG_IMAGE_SIZE"
TriggerEventTypeNumber = 6
...
006 (43418842.000.000) 2023-01-23 22:00:25 Image size of job updated: 670
	670  -  MemoryUsage of job (MB)
	686156  -  ResidentSetSize of job (KB)
...
028 (43418842.000.000) 2023-01-23 22:00:25 Job ad information event triggered.
Cluster = 43418842
EventTime = "2023-01-23T22:00:25.998"
EventTypeNumber = 28
JOB_GLIDEIN_ClusterId = "Unknown"
JOB_GLIDEIN_Entry_Name = "Unknown"
JOB_GLIDEIN_Factory = "Unknown"
JOB_GLIDEIN_Name = "Unknown"
JOB_GLIDEIN_ProcId = "Unknown"
JOB_GLIDEIN_Schedd = "Unknown"
JOB_GLIDEIN_Site = "FermiGrid"
JOB_GLIDEIN_SiteWMS = "Unknown"
JOB_GLIDEIN_SiteWMS_JobId = "Unknown"
JOB_GLIDEIN_SiteWMS_Queue = "Unknown"
JOB_GLIDEIN_SiteWMS_Slot = "Unknown"
JOB_Site = "FermiGrid"
MemoryUsage = 670
MyType = "JobImageSizeEvent"
Proc = 0
ResidentSetSize = 686156
Size = 670
Subproc = 0
TriggerEventTypeName = "ULOG_IMAGE_SIZE"
TriggerEventTypeNumber = 6
...
006 (43418842.000.000) 2023-01-23 22:02:27 Image size of job updated: 670
	670  -  MemoryUsage of job (MB)
	686168  -  ResidentSetSize of job (KB)
...
028 (43418842.000.000) 2023-01-23 22:02:27 Job ad information event triggered.
Cluster = 43418842
EventTime = "2023-01-23T22:02:27.147"
EventTypeNumber = 28
JOB_GLIDEIN_ClusterId = "Unknown"
JOB_GLIDEIN_Entry_Name = "Unknown"
JOB_GLIDEIN_Factory = "Unknown"
JOB_GLIDEIN_Name = "Unknown"
JOB_GLIDEIN_ProcId = "Unknown"
JOB_GLIDEIN_Schedd = "Unknown"
JOB_GLIDEIN_Site = "FermiGrid"
JOB_GLIDEIN_SiteWMS = "Unknown"
JOB_GLIDEIN_SiteWMS_JobId = "Unknown"
JOB_GLIDEIN_SiteWMS_Queue = "Unknown"
JOB_GLIDEIN_SiteWMS_Slot = "Unknown"
JOB_Site = "FermiGrid"
MemoryUsage = 670
MyType = "JobImageSizeEvent"
Proc = 0
ResidentSetSize = 686168
Size = 670
Subproc = 0
TriggerEventTypeName = "ULOG_IMAGE_SIZE"
TriggerEventTypeNumber = 6
...
006 (43418842.000.000) 2023-01-23 22:04:27 Image size of job updated: 670
	670  -  MemoryUsage of job (MB)
	686172  -  ResidentSetSize of job (KB)
...
028 (43418842.000.000) 2023-01-23 22:04:27 Job ad information event triggered.
Cluster = 43418842
EventTime = "2023-01-23T22:04:27.940"
EventTypeNumber = 28
JOB_GLIDEIN_ClusterId = "Unknown"
JOB_GLIDEIN_Entry_Name = "Unknown"
JOB_GLIDEIN_Factory = "Unknown"
JOB_GLIDEIN_Name = "Unknown"
JOB_GLIDEIN_ProcId = "Unknown"
JOB_GLIDEIN_Schedd = "Unknown"
JOB_GLIDEIN_Site = "FermiGrid"
JOB_GLIDEIN_SiteWMS = "Unknown"
JOB_GLIDEIN_SiteWMS_JobId = "Unknown"
JOB_GLIDEIN_SiteWMS_Queue = "Unknown"
JOB_GLIDEIN_SiteWMS_Slot = "Unknown"
JOB_Site = "FermiGrid"
MemoryUsage = 670
MyType = "JobImageSizeEvent"
Proc = 0
ResidentSetSize = 686172
Size = 670
Subproc = 0
TriggerEventTypeName = "ULOG_IMAGE_SIZE"
TriggerEventTypeNumber = 6
...
006 (43418842.000.000) 2023-01-23 22:13:32 Image size of job updated: 670
	670  -  MemoryUsage of job (MB)
	686176  -  ResidentSetSize of job (KB)
...
028 (43418842.000.000) 2023-01-23 22:13:32 Job ad information event triggered.
Cluster = 43418842
EventTime = "2023-01-23T22:13:32.209"
EventTypeNumber = 28
JOB_GLIDEIN_ClusterId = "Unknown"
JOB_GLIDEIN_Entry_Name = "Unknown"
JOB_GLIDEIN_Factory = "Unknown"
JOB_GLIDEIN_Name = "Unknown"
JOB_GLIDEIN_ProcId = "Unknown"
JOB_GLIDEIN_Schedd = "Unknown"
JOB_GLIDEIN_Site = "FermiGrid"
JOB_GLIDEIN_SiteWMS = "Unknown"
JOB_GLIDEIN_SiteWMS_JobId = "Unknown"
JOB_GLIDEIN_SiteWMS_Queue = "Unknown"
JOB_GLIDEIN_SiteWMS_Slot = "Unknown"
JOB_Site = "FermiGrid"
MemoryUsage = 670
MyType = "JobImageSizeEvent"
Proc = 0
ResidentSetSize = 686176
Size = 670
Subproc = 0
TriggerEventTypeName = "ULOG_IMAGE_SIZE"
TriggerEventTypeNumber = 6
...
006 (43418842.000.000) 2023-01-23 22:16:34 Image size of job updated: 670
	670  -  MemoryUsage of job (MB)
	686208  -  ResidentSetSize of job (KB)
...
028 (43418842.000.000) 2023-01-23 22:16:34 Job ad information event triggered.
Cluster = 43418842
EventTime = "2023-01-23T22:16:34.962"
EventTypeNumber = 28
JOB_GLIDEIN_ClusterId = "Unknown"
JOB_GLIDEIN_Entry_Name = "Unknown"
JOB_GLIDEIN_Factory = "Unknown"
JOB_GLIDEIN_Name = "Unknown"
JOB_GLIDEIN_ProcId = "Unknown"
JOB_GLIDEIN_Schedd = "Unknown"
JOB_GLIDEIN_Site = "FermiGrid"
JOB_GLIDEIN_SiteWMS = "Unknown"
JOB_GLIDEIN_SiteWMS_JobId = "Unknown"
JOB_GLIDEIN_SiteWMS_Queue = "Unknown"
JOB_GLIDEIN_SiteWMS_Slot = "Unknown"
JOB_Site = "FermiGrid"
MemoryUsage = 670
MyType = "JobImageSizeEvent"
Proc = 0
ResidentSetSize = 686208
Size = 670
Subproc = 0
TriggerEventTypeName = "ULOG_IMAGE_SIZE"
TriggerEventTypeNumber = 6
...
006 (43418842.000.000) 2023-01-23 22:31:46 Image size of job updated: 670
	670  -  MemoryUsage of job (MB)
	686400  -  ResidentSetSize of job (KB)
...
028 (43418842.000.000) 2023-01-23 22:31:46 Job ad information event triggered.
Cluster = 43418842
EventTime = "2023-01-23T22:31:46.704"
EventTypeNumber = 28
JOB_GLIDEIN_ClusterId = "Unknown"
JOB_GLIDEIN_Entry_Name = "Unknown"
JOB_GLIDEIN_Factory = "Unknown"
JOB_GLIDEIN_Name = "Unknown"
JOB_GLIDEIN_ProcId = "Unknown"
JOB_GLIDEIN_Schedd = "Unknown"
JOB_GLIDEIN_Site = "FermiGrid"
JOB_GLIDEIN_SiteWMS = "Unknown"
JOB_GLIDEIN_SiteWMS_JobId = "Unknown"
JOB_GLIDEIN_SiteWMS_Queue = "Unknown"
JOB_GLIDEIN_SiteWMS_Slot = "Unknown"
JOB_Site = "FermiGrid"
MemoryUsage = 670
MyType = "JobImageSizeEvent"
Proc = 0
ResidentSetSize = 686400
Size = 670
Subproc = 0
TriggerEventTypeName = "ULOG_IMAGE_SIZE"
TriggerEventTypeNumber = 6
...
006 (43418842.000.000) 2023-01-23 22:32:47 Image size of job updated: 670
	670  -  MemoryUsage of job (MB)
	686972  -  ResidentSetSize of job (KB)
...
028 (43418842.000.000) 2023-01-23 22:32:47 Job ad information event triggered.
Cluster = 43418842
EventTime = "2023-01-23T22:32:47.886"
EventTypeNumber = 28
JOB_GLIDEIN_ClusterId = "Unknown"
JOB_GLIDEIN_Entry_Name = "Unknown"
JOB_GLIDEIN_Factory = "Unknown"
JOB_GLIDEIN_Name = "Unknown"
JOB_GLIDEIN_ProcId = "Unknown"
JOB_GLIDEIN_Schedd = "Unknown"
JOB_GLIDEIN_Site = "FermiGrid"
JOB_GLIDEIN_SiteWMS = "Unknown"
JOB_GLIDEIN_SiteWMS_JobId = "Unknown"
JOB_GLIDEIN_SiteWMS_Queue = "Unknown"
JOB_GLIDEIN_SiteWMS_Slot = "Unknown"
JOB_Site = "FermiGrid"
MemoryUsage = 670
MyType = "JobImageSizeEvent"
Proc = 0
ResidentSetSize = 686972
Size = 670
Subproc = 0
TriggerEventTypeName = "ULOG_IMAGE_SIZE"
TriggerEventTypeNumber = 6
...
006 (43418842.000.000) 2023-01-23 22:33:48 Image size of job updated: 670
	670  -  MemoryUsage of job (MB)
	686988  -  ResidentSetSize of job (KB)
...
028 (43418842.000.000) 2023-01-23 22:33:48 Job ad information event triggered.
Cluster = 43418842
EventTime = "2023-01-23T22:33:48.136"
EventTypeNumber = 28
JOB_GLIDEIN_ClusterId = "Unknown"
JOB_GLIDEIN_Entry_Name = "Unknown"
JOB_GLIDEIN_Factory = "Unknown"
JOB_GLIDEIN_Name = "Unknown"
JOB_GLIDEIN_ProcId = "Unknown"
JOB_GLIDEIN_Schedd = "Unknown"
JOB_GLIDEIN_Site = "FermiGrid"
JOB_GLIDEIN_SiteWMS = "Unknown"
JOB_GLIDEIN_SiteWMS_JobId = "Unknown"
JOB_GLIDEIN_SiteWMS_Queue = "Unknown"
JOB_GLIDEIN_SiteWMS_Slot = "Unknown"
JOB_Site = "FermiGrid"
MemoryUsage = 670
MyType = "JobImageSizeEvent"
Proc = 0
ResidentSetSize = 686988
Size = 670
Subproc = 0
TriggerEventTypeName = "ULOG_IMAGE_SIZE"
TriggerEventTypeNumber = 6
...
006 (43418842.000.000) 2023-01-23 23:01:06 Image size of job updated: 671
	671  -  MemoryUsage of job (MB)
	687208  -  ResidentSetSize of job (KB)
...
028 (43418842.000.000) 2023-01-23 23:01:06 Job ad information event triggered.
Cluster = 43418842
EventTime = "2023-01-23T23:01:06.161"
EventTypeNumber = 28
JOB_GLIDEIN_ClusterId = "Unknown"
JOB_GLIDEIN_Entry_Name = "Unknown"
JOB_GLIDEIN_Factory = "Unknown"
JOB_GLIDEIN_Name = "Unknown"
JOB_GLIDEIN_ProcId = "Unknown"
JOB_GLIDEIN_Schedd = "Unknown"
JOB_GLIDEIN_Site = "FermiGrid"
JOB_GLIDEIN_SiteWMS = "Unknown"
JOB_GLIDEIN_SiteWMS_JobId = "Unknown"
JOB_GLIDEIN_SiteWMS_Queue = "Unknown"
JOB_GLIDEIN_SiteWMS_Slot = "Unknown"
JOB_Site = "FermiGrid"
MemoryUsage = 671
MyType = "JobImageSizeEvent"
Proc = 0
ResidentSetSize = 687208
Size = 671
Subproc = 0
TriggerEventTypeName = "ULOG_IMAGE_SIZE"
TriggerEventTypeNumber = 6
...
006 (43418842.000.000) 2023-01-23 23:02:06 Image size of job updated: 671
	671  -  MemoryUsage of job (MB)
	688088  -  ResidentSetSize of job (KB)
...
028 (43418842.000.000) 2023-01-23 23:02:06 Job ad information event triggered.
Cluster = 43418842
EventTime = "2023-01-23T23:02:06.090"
EventTypeNumber = 28
JOB_GLIDEIN_ClusterId = "Unknown"
JOB_GLIDEIN_Entry_Name = "Unknown"
JOB_GLIDEIN_Factory = "Unknown"
JOB_GLIDEIN_Name = "Unknown"
JOB_GLIDEIN_ProcId = "Unknown"
JOB_GLIDEIN_Schedd = "Unknown"
JOB_GLIDEIN_Site = "FermiGrid"
JOB_GLIDEIN_SiteWMS = "Unknown"
JOB_GLIDEIN_SiteWMS_JobId = "Unknown"
JOB_GLIDEIN_SiteWMS_Queue = "Unknown"
JOB_GLIDEIN_SiteWMS_Slot = "Unknown"
JOB_Site = "FermiGrid"
MemoryUsage = 671
MyType = "JobImageSizeEvent"
Proc = 0
ResidentSetSize = 688088
Size = 671
Subproc = 0
TriggerEventTypeName = "ULOG_IMAGE_SIZE"
TriggerEventTypeNumber = 6
...
006 (43418842.000.000) 2023-01-23 23:04:07 Image size of job updated: 671
	671  -  MemoryUsage of job (MB)
	688108  -  ResidentSetSize of job (KB)
...
028 (43418842.000.000) 2023-01-23 23:04:07 Job ad information event triggered.
Cluster = 43418842
EventTime = "2023-01-23T23:04:07.685"
EventTypeNumber = 28
JOB_GLIDEIN_ClusterId = "Unknown"
JOB_GLIDEIN_Entry_Name = "Unknown"
JOB_GLIDEIN_Factory = "Unknown"
JOB_GLIDEIN_Name = "Unknown"
JOB_GLIDEIN_ProcId = "Unknown"
JOB_GLIDEIN_Schedd = "Unknown"
JOB_GLIDEIN_Site = "FermiGrid"
JOB_GLIDEIN_SiteWMS = "Unknown"
JOB_GLIDEIN_SiteWMS_JobId = "Unknown"
JOB_GLIDEIN_SiteWMS_Queue = "Unknown"
JOB_GLIDEIN_SiteWMS_Slot = "Unknown"
JOB_Site = "FermiGrid"
MemoryUsage = 671
MyType = "JobImageSizeEvent"
Proc = 0
ResidentSetSize = 688108
Size = 671
Subproc = 0
TriggerEventTypeName = "ULOG_IMAGE_SIZE"
TriggerEventTypeNumber = 6
...
006 (43418842.000.000) 2023-01-23 23:16:17 Image size of job updated: 671
	671  -  MemoryUsage of job (MB)
	688124  -  ResidentSetSize of job (KB)
...
028 (43418842.000.000) 2023-01-23 23:16:17 Job ad information event triggered.
Cluster = 43418842
EventTime = "2023-01-23T23:16:17.515"
EventTypeNumber = 28
JOB_GLIDEIN_ClusterId = "Unknown"
JOB_GLIDEIN_Entry_Name = "Unknown"
JOB_GLIDEIN_Factory = "Unknown"
JOB_GLIDEIN_Name = "Unknown"
JOB_GLIDEIN_ProcId = "Unknown"
JOB_GLIDEIN_Schedd = "Unknown"
JOB_GLIDEIN_Site = "FermiGrid"
JOB_GLIDEIN_SiteWMS = "Unknown"
JOB_GLIDEIN_SiteWMS_JobId = "Unknown"
JOB_GLIDEIN_SiteWMS_Queue = "Unknown"
JOB_GLIDEIN_SiteWMS_Slot = "Unknown"
JOB_Site = "FermiGrid"
MemoryUsage = 671
MyType = "JobImageSizeEvent"
Proc = 0
ResidentSetSize = 688124
Size = 671
Subproc = 0
TriggerEventTypeName = "ULOG_IMAGE_SIZE"
TriggerEventTypeNumber = 6
...
006 (43418842.000.000) 2023-01-23 23:28:22 Image size of job updated: 672
	672  -  MemoryUsage of job (MB)
	688372  -  ResidentSetSize of job (KB)
...
028 (43418842.000.000) 2023-01-23 23:28:22 Job ad information event triggered.
Cluster = 43418842
EventTime = "2023-01-23T23:28:22.285"
EventTypeNumber = 28
JOB_GLIDEIN_ClusterId = "Unknown"
JOB_GLIDEIN_Entry_Name = "Unknown"
JOB_GLIDEIN_Factory = "Unknown"
JOB_GLIDEIN_Name = "Unknown"
JOB_GLIDEIN_ProcId = "Unknown"
JOB_GLIDEIN_Schedd = "Unknown"
JOB_GLIDEIN_Site = "FermiGrid"
JOB_GLIDEIN_SiteWMS = "Unknown"
JOB_GLIDEIN_SiteWMS_JobId = "Unknown"
JOB_GLIDEIN_SiteWMS_Queue = "Unknown"
JOB_GLIDEIN_SiteWMS_Slot = "Unknown"
JOB_Site = "FermiGrid"
MemoryUsage = 672
MyType = "JobImageSizeEvent"
Proc = 0
ResidentSetSize = 688372
Size = 672
Subproc = 0
TriggerEventTypeName = "ULOG_IMAGE_SIZE"
TriggerEventTypeNumber = 6
...
006 (43418842.000.000) 2023-01-23 23:29:22 Image size of job updated: 672
	672  -  MemoryUsage of job (MB)
	688500  -  ResidentSetSize of job (KB)
...
028 (43418842.000.000) 2023-01-23 23:29:22 Job ad information event triggered.
Cluster = 43418842
EventTime = "2023-01-23T23:29:22.512"
EventTypeNumber = 28
JOB_GLIDEIN_ClusterId = "Unknown"
JOB_GLIDEIN_Entry_Name = "Unknown"
JOB_GLIDEIN_Factory = "Unknown"
JOB_GLIDEIN_Name = "Unknown"
JOB_GLIDEIN_ProcId = "Unknown"
JOB_GLIDEIN_Schedd = "Unknown"
JOB_GLIDEIN_Site = "FermiGrid"
JOB_GLIDEIN_SiteWMS = "Unknown"
JOB_GLIDEIN_SiteWMS_JobId = "Unknown"
JOB_GLIDEIN_SiteWMS_Queue = "Unknown"
JOB_GLIDEIN_SiteWMS_Slot = "Unknown"
JOB_Site = "FermiGrid"
MemoryUsage = 672
MyType = "JobImageSizeEvent"
Proc = 0
ResidentSetSize = 688500
Size = 672
Subproc = 0
TriggerEventTypeName = "ULOG_IMAGE_SIZE"
TriggerEventTypeNumber = 6
...
006 (43418842.000.000) 2023-01-23 23:31:23 Image size of job updated: 672
	672  -  MemoryUsage of job (MB)
	688516  -  ResidentSetSize of job (KB)
...
028 (43418842.000.000) 2023-01-23 23:31:23 Job ad information event triggered.
Cluster = 43418842
EventTime = "2023-01-23T23:31:23.966"
EventTypeNumber = 28
JOB_GLIDEIN_ClusterId = "Unknown"
JOB_GLIDEIN_Entry_Name = "Unknown"
JOB_GLIDEIN_Factory = "Unknown"
JOB_GLIDEIN_Name = "Unknown"
JOB_GLIDEIN_ProcId = "Unknown"
JOB_GLIDEIN_Schedd = "Unknown"
JOB_GLIDEIN_Site = "FermiGrid"
JOB_GLIDEIN_SiteWMS = "Unknown"
JOB_GLIDEIN_SiteWMS_JobId = "Unknown"
JOB_GLIDEIN_SiteWMS_Queue = "Unknown"
JOB_GLIDEIN_SiteWMS_Slot = "Unknown"
JOB_Site = "FermiGrid"
MemoryUsage = 672
MyType = "JobImageSizeEvent"
Proc = 0
ResidentSetSize = 688516
Size = 672
Subproc = 0
TriggerEventTypeName = "ULOG_IMAGE_SIZE"
TriggerEventTypeNumber = 6
...
006 (43418842.000.000) 2023-01-23 23:33:24 Image size of job updated: 672
	672  -  MemoryUsage of job (MB)
	688528  -  ResidentSetSize of job (KB)
...
028 (43418842.000.000) 2023-01-23 23:33:24 Job ad information event triggered.
Cluster = 43418842
EventTime = "2023-01-23T23:33:24.397"
EventTypeNumber = 28
JOB_GLIDEIN_ClusterId = "Unknown"
JOB_GLIDEIN_Entry_Name = "Unknown"
JOB_GLIDEIN_Factory = "Unknown"
JOB_GLIDEIN_Name = "Unknown"
JOB_GLIDEIN_ProcId = "Unknown"
JOB_GLIDEIN_Schedd = "Unknown"
JOB_GLIDEIN_Site = "FermiGrid"
JOB_GLIDEIN_SiteWMS = "Unknown"
JOB_GLIDEIN_SiteWMS_JobId = "Unknown"
JOB_GLIDEIN_SiteWMS_Queue = "Unknown"
JOB_GLIDEIN_SiteWMS_Slot = "Unknown"
JOB_Site = "FermiGrid"
MemoryUsage = 672
MyType = "JobImageSizeEvent"
Proc = 0
ResidentSetSize = 688528
Size = 672
Subproc = 0
TriggerEventTypeName = "ULOG_IMAGE_SIZE"
TriggerEventTypeNumber = 6
...
006 (43418842.000.000) 2023-01-23 23:50:30 Image size of job updated: 672
	672  -  MemoryUsage of job (MB)
	688552  -  ResidentSetSize of job (KB)
...
028 (43418842.000.000) 2023-01-23 23:50:30 Job ad information event triggered.
Cluster = 43418842
EventTime = "2023-01-23T23:50:30.459"
EventTypeNumber = 28
JOB_GLIDEIN_ClusterId = "Unknown"
JOB_GLIDEIN_Entry_Name = "Unknown"
JOB_GLIDEIN_Factory = "Unknown"
JOB_GLIDEIN_Name = "Unknown"
JOB_GLIDEIN_ProcId = "Unknown"
JOB_GLIDEIN_Schedd = "Unknown"
JOB_GLIDEIN_Site = "FermiGrid"
JOB_GLIDEIN_SiteWMS = "Unknown"
JOB_GLIDEIN_SiteWMS_JobId = "Unknown"
JOB_GLIDEIN_SiteWMS_Queue = "Unknown"
JOB_GLIDEIN_SiteWMS_Slot = "Unknown"
JOB_Site = "FermiGrid"
MemoryUsage = 672
MyType = "JobImageSizeEvent"
Proc = 0
ResidentSetSize = 688552
Size = 672
Subproc = 0
TriggerEventTypeName = "ULOG_IMAGE_SIZE"
TriggerEventTypeNumber = 6
...
006 (43418842.000.000) 2023-01-23 23:56:32 Image size of job updated: 672
	672  -  MemoryUsage of job (MB)
	688728  -  ResidentSetSize of job (KB)
...
028 (43418842.000.000) 2023-01-23 23:56:32 Job ad information event triggered.
Cluster = 43418842
EventTime = "2023-01-23T23:56:32.985"
EventTypeNumber = 28
JOB_GLIDEIN_ClusterId = "Unknown"
JOB_GLIDEIN_Entry_Name = "Unknown"
JOB_GLIDEIN_Factory = "Unknown"
JOB_GLIDEIN_Name = "Unknown"
JOB_GLIDEIN_ProcId = "Unknown"
JOB_GLIDEIN_Schedd = "Unknown"
JOB_GLIDEIN_Site = "FermiGrid"
JOB_GLIDEIN_SiteWMS = "Unknown"
JOB_GLIDEIN_SiteWMS_JobId = "Unknown"
JOB_GLIDEIN_SiteWMS_Queue = "Unknown"
JOB_GLIDEIN_SiteWMS_Slot = "Unknown"
JOB_Site = "FermiGrid"
MemoryUsage = 672
MyType = "JobImageSizeEvent"
Proc = 0
ResidentSetSize = 688728
Size = 672
Subproc = 0
TriggerEventTypeName = "ULOG_IMAGE_SIZE"
TriggerEventTypeNumber = 6
...
006 (43418842.000.000) 2023-01-24 00:00:35 Image size of job updated: 672
	672  -  MemoryUsage of job (MB)
	688736  -  ResidentSetSize of job (KB)
...
028 (43418842.000.000) 2023-01-24 00:00:35 Job ad information event triggered.
Cluster = 43418842
EventTime = "2023-01-24T00:00:35.304"
EventTypeNumber = 28
JOB_GLIDEIN_ClusterId = "Unknown"
JOB_GLIDEIN_Entry_Name = "Unknown"
JOB_GLIDEIN_Factory = "Unknown"
JOB_GLIDEIN_Name = "Unknown"
JOB_GLIDEIN_ProcId = "Unknown"
JOB_GLIDEIN_Schedd = "Unknown"
JOB_GLIDEIN_Site = "FermiGrid"
JOB_GLIDEIN_SiteWMS = "Unknown"
JOB_GLIDEIN_SiteWMS_JobId = "Unknown"
JOB_GLIDEIN_SiteWMS_Queue = "Unknown"
JOB_GLIDEIN_SiteWMS_Slot = "Unknown"
JOB_Site = "FermiGrid"
MemoryUsage = 672
MyType = "JobImageSizeEvent"
Proc = 0
ResidentSetSize = 688736
Size = 672
Subproc = 0
TriggerEventTypeName = "ULOG_IMAGE_SIZE"
TriggerEventTypeNumber = 6
...
006 (43418842.000.000) 2023-01-24 00:24:53 Image size of job updated: 672
	672  -  MemoryUsage of job (MB)
	688824  -  ResidentSetSize of job (KB)
...
028 (43418842.000.000) 2023-01-24 00:24:53 Job ad information event triggered.
Cluster = 43418842
EventTime = "2023-01-24T00:24:53.681"
EventTypeNumber = 28
JOB_GLIDEIN_ClusterId = "Unknown"
JOB_GLIDEIN_Entry_Name = "Unknown"
JOB_GLIDEIN_Factory = "Unknown"
JOB_GLIDEIN_Name = "Unknown"
JOB_GLIDEIN_ProcId = "Unknown"
JOB_GLIDEIN_Schedd = "Unknown"
JOB_GLIDEIN_Site = "FermiGrid"
JOB_GLIDEIN_SiteWMS = "Unknown"
JOB_GLIDEIN_SiteWMS_JobId = "Unknown"
JOB_GLIDEIN_SiteWMS_Queue = "Unknown"
JOB_GLIDEIN_SiteWMS_Slot = "Unknown"
JOB_Site = "FermiGrid"
MemoryUsage = 672
MyType = "JobImageSizeEvent"
Proc = 0
ResidentSetSize = 688824
Size = 672
Subproc = 0
TriggerEventTypeName = "ULOG_IMAGE_SIZE"
TriggerEventTypeNumber = 6
...
006 (43418842.000.000) 2023-01-24 00:29:56 Image size of job updated: 672
	672  -  MemoryUsage of job (MB)
	688872  -  ResidentSetSize of job (KB)
...
028 (43418842.000.000) 2023-01-24 00:29:56 Job ad information event triggered.
Cluster = 43418842
EventTime = "2023-01-24T00:29:56.256"
EventTypeNumber = 28
JOB_GLIDEIN_ClusterId = "Unknown"
JOB_GLIDEIN_Entry_Name = "Unknown"
JOB_GLIDEIN_Factory = "Unknown"
JOB_GLIDEIN_Name = "Unknown"
JOB_GLIDEIN_ProcId = "Unknown"
JOB_GLIDEIN_Schedd = "Unknown"
JOB_GLIDEIN_Site = "FermiGrid"
JOB_GLIDEIN_SiteWMS = "Unknown"
JOB_GLIDEIN_SiteWMS_JobId = "Unknown"
JOB_GLIDEIN_SiteWMS_Queue = "Unknown"
JOB_GLIDEIN_SiteWMS_Slot = "Unknown"
JOB_Site = "FermiGrid"
MemoryUsage = 672
MyType = "JobImageSizeEvent"
Proc = 0
ResidentSetSize = 688872
Size = 672
Subproc = 0
TriggerEventTypeName = "ULOG_IMAGE_SIZE"
TriggerEventTypeNumber = 6
...
006 (43418842.000.000) 2023-01-24 00:52:11 Image size of job updated: 672
	672  -  MemoryUsage of job (MB)
	688992  -  ResidentSetSize of job (KB)
...
028 (43418842.000.000) 2023-01-24 00:52:11 Job ad information event triggered.
Cluster = 43418842
EventTime = "2023-01-24T00:52:11.237"
EventTypeNumber = 28
JOB_GLIDEIN_ClusterId = "Unknown"
JOB_GLIDEIN_Entry_Name = "Unknown"
JOB_GLIDEIN_Factory = "Unknown"
JOB_GLIDEIN_Name = "Unknown"
JOB_GLIDEIN_ProcId = "Unknown"
JOB_GLIDEIN_Schedd = "Unknown"
JOB_GLIDEIN_Site = "FermiGrid"
JOB_GLIDEIN_SiteWMS = "Unknown"
JOB_GLIDEIN_SiteWMS_JobId = "Unknown"
JOB_GLIDEIN_SiteWMS_Queue = "Unknown"
JOB_GLIDEIN_SiteWMS_Slot = "Unknown"
JOB_Site = "FermiGrid"
MemoryUsage = 672
MyType = "JobImageSizeEvent"
Proc = 0
ResidentSetSize = 688992
Size = 672
Subproc = 0
TriggerEventTypeName = "ULOG_IMAGE_SIZE"
TriggerEventTypeNumber = 6
...
006 (43418842.000.000) 2023-01-24 00:55:12 Image size of job updated: 672
	672  -  MemoryUsage of job (MB)
	688996  -  ResidentSetSize of job (KB)
...
028 (43418842.000.000) 2023-01-24 00:55:12 Job ad information event triggered.
Cluster = 43418842
EventTime = "2023-01-24T00:55:12.400"
EventTypeNumber = 28
JOB_GLIDEIN_ClusterId = "Unknown"
JOB_GLIDEIN_Entry_Name = "Unknown"
JOB_GLIDEIN_Factory = "Unknown"
JOB_GLIDEIN_Name = "Unknown"
JOB_GLIDEIN_ProcId = "Unknown"
JOB_GLIDEIN_Schedd = "Unknown"
JOB_GLIDEIN_Site = "FermiGrid"
JOB_GLIDEIN_SiteWMS = "Unknown"
JOB_GLIDEIN_SiteWMS_JobId = "Unknown"
JOB_GLIDEIN_SiteWMS_Queue = "Unknown"
JOB_GLIDEIN_SiteWMS_Slot = "Unknown"
JOB_Site = "FermiGrid"
MemoryUsage = 672
MyType = "JobImageSizeEvent"
Proc = 0
ResidentSetSize = 688996
Size = 672
Subproc = 0
TriggerEventTypeName = "ULOG_IMAGE_SIZE"
TriggerEventTypeNumber = 6
...
006 (43418842.000.000) 2023-01-24 01:19:21 Image size of job updated: 672
	672  -  MemoryUsage of job (MB)
	689120  -  ResidentSetSize of job (KB)
...
028 (43418842.000.000) 2023-01-24 01:19:21 Job ad information event triggered.
Cluster = 43418842
EventTime = "2023-01-24T01:19:21.635"
EventTypeNumber = 28
JOB_GLIDEIN_ClusterId = "Unknown"
JOB_GLIDEIN_Entry_Name = "Unknown"
JOB_GLIDEIN_Factory = "Unknown"
JOB_GLIDEIN_Name = "Unknown"
JOB_GLIDEIN_ProcId = "Unknown"
JOB_GLIDEIN_Schedd = "Unknown"
JOB_GLIDEIN_Site = "FermiGrid"
JOB_GLIDEIN_SiteWMS = "Unknown"
JOB_GLIDEIN_SiteWMS_JobId = "Unknown"
JOB_GLIDEIN_SiteWMS_Queue = "Unknown"
JOB_GLIDEIN_SiteWMS_Slot = "Unknown"
JOB_Site = "FermiGrid"
MemoryUsage = 672
MyType = "JobImageSizeEvent"
Proc = 0
ResidentSetSize = 689120
Size = 672
Subproc = 0
TriggerEventTypeName = "ULOG_IMAGE_SIZE"
TriggerEventTypeNumber = 6
...
006 (43418842.000.000) 2023-01-24 01:21:22 Image size of job updated: 672
	672  -  MemoryUsage of job (MB)
	689124  -  ResidentSetSize of job (KB)
...
028 (43418842.000.000) 2023-01-24 01:21:22 Job ad information event triggered.
Cluster = 43418842
EventTime = "2023-01-24T01:21:22.380"
EventTypeNumber = 28
JOB_GLIDEIN_ClusterId = "Unknown"
JOB_GLIDEIN_Entry_Name = "Unknown"
JOB_GLIDEIN_Factory = "Unknown"
JOB_GLIDEIN_Name = "Unknown"
JOB_GLIDEIN_ProcId = "Unknown"
JOB_GLIDEIN_Schedd = "Unknown"
JOB_GLIDEIN_Site = "FermiGrid"
JOB_GLIDEIN_SiteWMS = "Unknown"
JOB_GLIDEIN_SiteWMS_JobId = "Unknown"
JOB_GLIDEIN_SiteWMS_Queue = "Unknown"
JOB_GLIDEIN_SiteWMS_Slot = "Unknown"
JOB_Site = "FermiGrid"
MemoryUsage = 672
MyType = "JobImageSizeEvent"
Proc = 0
ResidentSetSize = 689124
Size = 672
Subproc = 0
TriggerEventTypeName = "ULOG_IMAGE_SIZE"
TriggerEventTypeNumber = 6
...
006 (43418842.000.000) 2023-01-24 01:33:22 Image size of job updated: 672
	672  -  MemoryUsage of job (MB)
	689128  -  ResidentSetSize of job (KB)
...
028 (43418842.000.000) 2023-01-24 01:33:22 Job ad information event triggered.
Cluster = 43418842
EventTime = "2023-01-24T01:33:22.168"
EventTypeNumber = 28
JOB_GLIDEIN_ClusterId = "Unknown"
JOB_GLIDEIN_Entry_Name = "Unknown"
JOB_GLIDEIN_Factory = "Unknown"
JOB_GLIDEIN_Name = "Unknown"
JOB_GLIDEIN_ProcId = "Unknown"
JOB_GLIDEIN_Schedd = "Unknown"
JOB_GLIDEIN_Site = "FermiGrid"
JOB_GLIDEIN_SiteWMS = "Unknown"
JOB_GLIDEIN_SiteWMS_JobId = "Unknown"
JOB_GLIDEIN_SiteWMS_Queue = "Unknown"
JOB_GLIDEIN_SiteWMS_Slot = "Unknown"
JOB_Site = "FermiGrid"
MemoryUsage = 672
MyType = "JobImageSizeEvent"
Proc = 0
ResidentSetSize = 689128
Size = 672
Subproc = 0
TriggerEventTypeName = "ULOG_IMAGE_SIZE"
TriggerEventTypeNumber = 6
...
006 (43418842.000.000) 2023-01-24 01:36:23 Image size of job updated: 673
	673  -  MemoryUsage of job (MB)
	689220  -  ResidentSetSize of job (KB)
...
028 (43418842.000.000) 2023-01-24 01:36:23 Job ad information event triggered.
Cluster = 43418842
EventTime = "2023-01-24T01:36:23.039"
EventTypeNumber = 28
JOB_GLIDEIN_ClusterId = "Unknown"
JOB_GLIDEIN_Entry_Name = "Unknown"
JOB_GLIDEIN_Factory = "Unknown"
JOB_GLIDEIN_Name = "Unknown"
JOB_GLIDEIN_ProcId = "Unknown"
JOB_GLIDEIN_Schedd = "Unknown"
JOB_GLIDEIN_Site = "FermiGrid"
JOB_GLIDEIN_SiteWMS = "Unknown"
JOB_GLIDEIN_SiteWMS_JobId = "Unknown"
JOB_GLIDEIN_SiteWMS_Queue = "Unknown"
JOB_GLIDEIN_SiteWMS_Slot = "Unknown"
JOB_Site = "FermiGrid"
MemoryUsage = 673
MyType = "JobImageSizeEvent"
Proc = 0
ResidentSetSize = 689220
Size = 673
Subproc = 0
TriggerEventTypeName = "ULOG_IMAGE_SIZE"
TriggerEventTypeNumber = 6
...
006 (43418842.000.000) 2023-01-24 01:37:23 Image size of job updated: 673
	673  -  MemoryUsage of job (MB)
	689228  -  ResidentSetSize of job (KB)
...
028 (43418842.000.000) 2023-01-24 01:37:23 Job ad information event triggered.
Cluster = 43418842
EventTime = "2023-01-24T01:37:23.049"
EventTypeNumber = 28
JOB_GLIDEIN_ClusterId = "Unknown"
JOB_GLIDEIN_Entry_Name = "Unknown"
JOB_GLIDEIN_Factory = "Unknown"
JOB_GLIDEIN_Name = "Unknown"
JOB_GLIDEIN_ProcId = "Unknown"
JOB_GLIDEIN_Schedd = "Unknown"
JOB_GLIDEIN_Site = "FermiGrid"
JOB_GLIDEIN_SiteWMS = "Unknown"
JOB_GLIDEIN_SiteWMS_JobId = "Unknown"
JOB_GLIDEIN_SiteWMS_Queue = "Unknown"
JOB_GLIDEIN_SiteWMS_Slot = "Unknown"
JOB_Site = "FermiGrid"
MemoryUsage = 673
MyType = "JobImageSizeEvent"
Proc = 0
ResidentSetSize = 689228
Size = 673
Subproc = 0
TriggerEventTypeName = "ULOG_IMAGE_SIZE"
TriggerEventTypeNumber = 6
...
006 (43418842.000.000) 2023-01-24 01:55:40 Image size of job updated: 673
	673  -  MemoryUsage of job (MB)
	689428  -  ResidentSetSize of job (KB)
...
028 (43418842.000.000) 2023-01-24 01:55:40 Job ad information event triggered.
Cluster = 43418842
EventTime = "2023-01-24T01:55:40.742"
EventTypeNumber = 28
JOB_GLIDEIN_ClusterId = "Unknown"
JOB_GLIDEIN_Entry_Name = "Unknown"
JOB_GLIDEIN_Factory = "Unknown"
JOB_GLIDEIN_Name = "Unknown"
JOB_GLIDEIN_ProcId = "Unknown"
JOB_GLIDEIN_Schedd = "Unknown"
JOB_GLIDEIN_Site = "FermiGrid"
JOB_GLIDEIN_SiteWMS = "Unknown"
JOB_GLIDEIN_SiteWMS_JobId = "Unknown"
JOB_GLIDEIN_SiteWMS_Queue = "Unknown"
JOB_GLIDEIN_SiteWMS_Slot = "Unknown"
JOB_Site = "FermiGrid"
MemoryUsage = 673
MyType = "JobImageSizeEvent"
Proc = 0
ResidentSetSize = 689428
Size = 673
Subproc = 0
TriggerEventTypeName = "ULOG_IMAGE_SIZE"
TriggerEventTypeNumber = 6
...
006 (43418842.000.000) 2023-01-24 02:18:53 Image size of job updated: 673
	673  -  MemoryUsage of job (MB)
	689512  -  ResidentSetSize of job (KB)
...
028 (43418842.000.000) 2023-01-24 02:18:53 Job ad information event triggered.
Cluster = 43418842
EventTime = "2023-01-24T02:18:53.535"
EventTypeNumber = 28
JOB_GLIDEIN_ClusterId = "Unknown"
JOB_GLIDEIN_Entry_Name = "Unknown"
JOB_GLIDEIN_Factory = "Unknown"
JOB_GLIDEIN_Name = "Unknown"
JOB_GLIDEIN_ProcId = "Unknown"
JOB_GLIDEIN_Schedd = "Unknown"
JOB_GLIDEIN_Site = "FermiGrid"
JOB_GLIDEIN_SiteWMS = "Unknown"
JOB_GLIDEIN_SiteWMS_JobId = "Unknown"
JOB_GLIDEIN_SiteWMS_Queue = "Unknown"
JOB_GLIDEIN_SiteWMS_Slot = "Unknown"
JOB_Site = "FermiGrid"
MemoryUsage = 673
MyType = "JobImageSizeEvent"
Proc = 0
ResidentSetSize = 689512
Size = 673
Subproc = 0
TriggerEventTypeName = "ULOG_IMAGE_SIZE"
TriggerEventTypeNumber = 6
...
