000 (65568376.000.000) 2023-01-19 23:52:04 Job submitted from host: <131.225.161.104:9615?addrs=131.225.161.104-9615&alias=jobsub02.fnal.gov&noUDP&sock=schedd_3285_d0b3>
...
028 (65568376.000.000) 2023-01-19 23:52:04 Job ad information event triggered.
Cluster = 65568376
EventTime = "2023-01-19T23:52:04.324"
EventTypeNumber = 28
JOB_GLIDEIN_ClusterId = "$$(GLIDEIN_ClusterId:Unknown)"
JOB_GLIDEIN_Entry_Name = "$$(GLIDEIN_Entry_Name:Unknown)"
JOB_GLIDEIN_Factory = "$$(GLIDEIN_Factory:Unknown)"
JOB_GLIDEIN_Name = "$$(GLIDEIN_Name:Unknown)"
JOB_GLIDEIN_ProcId = "$$(GLIDEIN_ProcId:Unknown)"
JOB_GLIDEIN_Schedd = "$$(GLIDEIN_Schedd:Unknown)"
JOB_GLIDEIN_Site = "$$(GLIDEIN_Site:Unknown)"
JOB_GLIDEIN_SiteWMS = "$$(GLIDEIN_SiteWMS:Unknown)"
JOB_GLIDEIN_SiteWMS_JobId = "$$(GLIDEIN_SiteWMS_JobId:Unknown)"
JOB_GLIDEIN_SiteWMS_Queue = "$$(GLIDEIN_SiteWMS_Queue:Unknown)"
JOB_GLIDEIN_SiteWMS_Slot = "$$(GLIDEIN_SiteWMS_Slot:Unknown)"
JOB_Site = "$$(GLIDEIN_Site:Unknown)"
MyType = "SubmitEvent"
Proc = 0
SubmitHost = "<131.225.161.104:9615?addrs=131.225.161.104-9615&alias=jobsub02.fnal.gov&noUDP&sock=schedd_3285_d0b3>"
Subproc = 0
TriggerEventTypeName = "ULOG_SUBMIT"
TriggerEventTypeNumber = 0
...
040 (65568376.000.000) 2023-01-19 23:52:15 Started transferring input files
	Transferring to host: <131.225.167.111:9618?addrs=131.225.167.111-9618&alias=fnpc8014.fnal.gov&noUDP&sock=slot1_11_27399_d2f3_30836>
...
028 (65568376.000.000) 2023-01-19 23:52:15 Job ad information event triggered.
Cluster = 65568376
EventTime = "2023-01-19T23:52:15.274"
EventTypeNumber = 28
Host = "<131.225.167.111:9618?addrs=131.225.167.111-9618&alias=fnpc8014.fnal.gov&noUDP&sock=slot1_11_27399_d2f3_30836>"
JOB_GLIDEIN_ClusterId = "Unknown"
JOB_GLIDEIN_Entry_Name = "Unknown"
JOB_GLIDEIN_Factory = "Unknown"
JOB_GLIDEIN_Name = "Unknown"
JOB_GLIDEIN_ProcId = "Unknown"
JOB_GLIDEIN_Schedd = "Unknown"
JOB_GLIDEIN_Site = "FermiGrid"
JOB_GLIDEIN_SiteWMS = "Unknown"
JOB_GLIDEIN_SiteWMS_JobId = "Unknown"
JOB_GLIDEIN_SiteWMS_Queue = "Unknown"
JOB_GLIDEIN_SiteWMS_Slot = "Unknown"
JOB_Site = "FermiGrid"
MyType = "FileTransferEvent"
Proc = 0
Subproc = 0
TriggerEventTypeName = "ULOG_FILE_TRANSFER"
TriggerEventTypeNumber = 40
Type = 2
...
040 (65568376.000.000) 2023-01-19 23:52:15 Finished transferring input files
...
028 (65568376.000.000) 2023-01-19 23:52:15 Job ad information event triggered.
Cluster = 65568376
EventTime = "2023-01-19T23:52:15.535"
EventTypeNumber = 28
JOB_GLIDEIN_ClusterId = "Unknown"
JOB_GLIDEIN_Entry_Name = "Unknown"
JOB_GLIDEIN_Factory = "Unknown"
JOB_GLIDEIN_Name = "Unknown"
JOB_GLIDEIN_ProcId = "Unknown"
JOB_GLIDEIN_Schedd = "Unknown"
JOB_GLIDEIN_Site = "FermiGrid"
JOB_GLIDEIN_SiteWMS = "Unknown"
JOB_GLIDEIN_SiteWMS_JobId = "Unknown"
JOB_GLIDEIN_SiteWMS_Queue = "Unknown"
JOB_GLIDEIN_SiteWMS_Slot = "Unknown"
JOB_Site = "FermiGrid"
MyType = "FileTransferEvent"
Proc = 0
Subproc = 0
TriggerEventTypeName = "ULOG_FILE_TRANSFER"
TriggerEventTypeNumber = 40
Type = 3
...
001 (65568376.000.000) 2023-01-19 23:52:15 Job executing on host: <131.225.167.111:9618?addrs=131.225.167.111-9618&alias=fnpc8014.fnal.gov&noUDP&sock=startd_27363_520d>
...
028 (65568376.000.000) 2023-01-19 23:52:15 Job ad information event triggered.
Cluster = 65568376
EventTime = "2023-01-19T23:52:15.537"
EventTypeNumber = 28
ExecuteHost = "<131.225.167.111:9618?addrs=131.225.167.111-9618&alias=fnpc8014.fnal.gov&noUDP&sock=startd_27363_520d>"
JOB_GLIDEIN_ClusterId = "Unknown"
JOB_GLIDEIN_Entry_Name = "Unknown"
JOB_GLIDEIN_Factory = "Unknown"
JOB_GLIDEIN_Name = "Unknown"
JOB_GLIDEIN_ProcId = "Unknown"
JOB_GLIDEIN_Schedd = "Unknown"
JOB_GLIDEIN_Site = "FermiGrid"
JOB_GLIDEIN_SiteWMS = "Unknown"
JOB_GLIDEIN_SiteWMS_JobId = "Unknown"
JOB_GLIDEIN_SiteWMS_Queue = "Unknown"
JOB_GLIDEIN_SiteWMS_Slot = "Unknown"
JOB_Site = "FermiGrid"
MyType = "ExecuteEvent"
Proc = 0
Subproc = 0
TriggerEventTypeName = "ULOG_EXECUTE"
TriggerEventTypeNumber = 1
...
006 (65568376.000.000) 2023-01-19 23:52:27 Image size of job updated: 10
	3  -  MemoryUsage of job (MB)
	3632  -  ResidentSetSize of job (KB)
...
028 (65568376.000.000) 2023-01-19 23:52:27 Job ad information event triggered.
Cluster = 65568376
EventTime = "2023-01-19T23:52:27.186"
EventTypeNumber = 28
JOB_GLIDEIN_ClusterId = "Unknown"
JOB_GLIDEIN_Entry_Name = "Unknown"
JOB_GLIDEIN_Factory = "Unknown"
JOB_GLIDEIN_Name = "Unknown"
JOB_GLIDEIN_ProcId = "Unknown"
JOB_GLIDEIN_Schedd = "Unknown"
JOB_GLIDEIN_Site = "FermiGrid"
JOB_GLIDEIN_SiteWMS = "Unknown"
JOB_GLIDEIN_SiteWMS_JobId = "Unknown"
JOB_GLIDEIN_SiteWMS_Queue = "Unknown"
JOB_GLIDEIN_SiteWMS_Slot = "Unknown"
JOB_Site = "FermiGrid"
MemoryUsage = 3
MyType = "JobImageSizeEvent"
Proc = 0
ResidentSetSize = 3632
Size = 10
Subproc = 0
TriggerEventTypeName = "ULOG_IMAGE_SIZE"
TriggerEventTypeNumber = 6
...
006 (65568376.000.000) 2023-01-19 23:53:16 Image size of job updated: 12
	12  -  MemoryUsage of job (MB)
	12452  -  ResidentSetSize of job (KB)
...
028 (65568376.000.000) 2023-01-19 23:53:16 Job ad information event triggered.
Cluster = 65568376
EventTime = "2023-01-19T23:53:16.275"
EventTypeNumber = 28
JOB_GLIDEIN_ClusterId = "Unknown"
JOB_GLIDEIN_Entry_Name = "Unknown"
JOB_GLIDEIN_Factory = "Unknown"
JOB_GLIDEIN_Name = "Unknown"
JOB_GLIDEIN_ProcId = "Unknown"
JOB_GLIDEIN_Schedd = "Unknown"
JOB_GLIDEIN_Site = "FermiGrid"
JOB_GLIDEIN_SiteWMS = "Unknown"
JOB_GLIDEIN_SiteWMS_JobId = "Unknown"
JOB_GLIDEIN_SiteWMS_Queue = "Unknown"
JOB_GLIDEIN_SiteWMS_Slot = "Unknown"
JOB_Site = "FermiGrid"
MemoryUsage = 12
MyType = "JobImageSizeEvent"
Proc = 0
ResidentSetSize = 12452
Size = 12
Subproc = 0
TriggerEventTypeName = "ULOG_IMAGE_SIZE"
TriggerEventTypeNumber = 6
...
040 (65568376.000.000) 2023-01-19 23:53:16 Started transferring output files
...
028 (65568376.000.000) 2023-01-19 23:53:16 Job ad information event triggered.
Cluster = 65568376
EventTime = "2023-01-19T23:53:16.337"
EventTypeNumber = 28
JOB_GLIDEIN_ClusterId = "Unknown"
JOB_GLIDEIN_Entry_Name = "Unknown"
JOB_GLIDEIN_Factory = "Unknown"
JOB_GLIDEIN_Name = "Unknown"
JOB_GLIDEIN_ProcId = "Unknown"
JOB_GLIDEIN_Schedd = "Unknown"
JOB_GLIDEIN_Site = "FermiGrid"
JOB_GLIDEIN_SiteWMS = "Unknown"
JOB_GLIDEIN_SiteWMS_JobId = "Unknown"
JOB_GLIDEIN_SiteWMS_Queue = "Unknown"
JOB_GLIDEIN_SiteWMS_Slot = "Unknown"
JOB_Site = "FermiGrid"
MyType = "FileTransferEvent"
Proc = 0
Subproc = 0
TriggerEventTypeName = "ULOG_FILE_TRANSFER"
TriggerEventTypeNumber = 40
Type = 5
...
040 (65568376.000.000) 2023-01-19 23:53:16 Finished transferring output files
...
028 (65568376.000.000) 2023-01-19 23:53:16 Job ad information event triggered.
Cluster = 65568376
EventTime = "2023-01-19T23:53:16.341"
EventTypeNumber = 28
JOB_GLIDEIN_ClusterId = "Unknown"
JOB_GLIDEIN_Entry_Name = "Unknown"
JOB_GLIDEIN_Factory = "Unknown"
JOB_GLIDEIN_Name = "Unknown"
JOB_GLIDEIN_ProcId = "Unknown"
JOB_GLIDEIN_Schedd = "Unknown"
JOB_GLIDEIN_Site = "FermiGrid"
JOB_GLIDEIN_SiteWMS = "Unknown"
JOB_GLIDEIN_SiteWMS_JobId = "Unknown"
JOB_GLIDEIN_SiteWMS_Queue = "Unknown"
JOB_GLIDEIN_SiteWMS_Slot = "Unknown"
JOB_Site = "FermiGrid"
MyType = "FileTransferEvent"
Proc = 0
Subproc = 0
TriggerEventTypeName = "ULOG_FILE_TRANSFER"
TriggerEventTypeNumber = 40
Type = 6
...
005 (65568376.000.000) 2023-01-19 23:53:17 Job terminated.
	(1) Normal termination (return value 1)
		Usr 0 00:00:00, Sys 0 00:00:00  -  Run Remote Usage
		Usr 0 00:00:00, Sys 0 00:00:00  -  Run Local Usage
		Usr 0 00:00:00, Sys 0 00:00:00  -  Total Remote Usage
		Usr 0 00:00:00, Sys 0 00:00:00  -  Total Local Usage
	34945  -  Run Bytes Sent By Job
	12412  -  Run Bytes Received By Job
	34945  -  Total Bytes Sent By Job
	12412  -  Total Bytes Received By Job
	Partitionable Resources :    Usage  Request Allocated 
	   Cpus                 :        0        1         1 
	   Disk (KB)            :       94  2097152   7003358 
	   Memory (MB)          :       12     6144      6144 

	Job terminated of its own accord at 2023-01-20T05:53:16Z.
...
028 (65568376.000.000) 2023-01-19 23:53:17 Job ad information event triggered.
Cluster = 65568376
Cpus = 1
CpusUsage = 0.0
Disk = 7003358
DiskUsage = 94
EventTime = "2023-01-19T23:53:17.284"
EventTypeNumber = 28
JOB_GLIDEIN_ClusterId = "Unknown"
JOB_GLIDEIN_Entry_Name = "Unknown"
JOB_GLIDEIN_Factory = "Unknown"
JOB_GLIDEIN_Name = "Unknown"
JOB_GLIDEIN_ProcId = "Unknown"
JOB_GLIDEIN_Schedd = "Unknown"
JOB_GLIDEIN_Site = "FermiGrid"
JOB_GLIDEIN_SiteWMS = "Unknown"
JOB_GLIDEIN_SiteWMS_JobId = "Unknown"
JOB_GLIDEIN_SiteWMS_Queue = "Unknown"
JOB_GLIDEIN_SiteWMS_Slot = "Unknown"
JOB_Site = "FermiGrid"
Memory = 6144
MemoryUsage = 12
MyType = "JobTerminatedEvent"
Proc = 0
ReceivedBytes = 12412.0
RequestCpus = 1
RequestDisk = 2097152
RequestMemory = 6144
ReturnValue = 1
RunLocalUsage = "Usr 0 00:00:00, Sys 0 00:00:00"
RunRemoteUsage = "Usr 0 00:00:00, Sys 0 00:00:00"
SentBytes = 34945.0
Subproc = 0
TerminatedNormally = true
ToE = [ When = 1674193996; HowCode = 0; How = "OF_ITS_OWN_ACCORD"; Who = "itself" ]
TotalLocalUsage = "Usr 0 00:00:00, Sys 0 00:00:00"
TotalReceivedBytes = 12412.0
TotalRemoteUsage = "Usr 0 00:00:00, Sys 0 00:00:00"
TotalSentBytes = 34945.0
TriggerEventTypeName = "ULOG_JOB_TERMINATED"
TriggerEventTypeNumber = 5
...
