[FERMIHTC-SINGULARITY]: INFO -- SingularityImage classAd detected
[FERMIHTC-SINGULARITY]: INFO -- Attempting to run job in /cvmfs/singularity.opensciencegrid.org/fermilab/fnal-wn-sl7:latest
[FERMIHTC-SINGULARITY]: INFO -- Running /cvmfs/oasis.opensciencegrid.org/mis/apptainer/current/bin/apptainer exec --pid --ipc --contain --bind /cvmfs --bind /etc/hosts --home /storage/local/data1/condor/execute/dir_46736:/srv --pwd /srv /cvmfs/singularity.opensciencegrid.org/fermilab/fnal-wn-sl7:latest ./condor_exec.exe data_me1A_xtest.txt mc_me1A_xtest.txt
Mon Mar 6 18:29:01 UTC 2023 57579371.0@jobsub01.fnal.gov BEGIN EXECUTION runEventLoop_lite.sh data_me1A_xtest.txt mc_me1A_xtest.txt
CONDOR_EXEC=/tmp
CUBACORES=1
JOBSUBJOBID=57579371.0@jobsub01.fnal.gov
_CONDOR_JOB_PIDS=
HOSTNAME=sultana-57579371-0-fnpc22027.fnal.gov
APPTAINER_COMMAND=exec
GLIDEIN_DUNESite=US_FNAL-FermiGrid
poms_data={"campaign_id":"","task_definition_id":"","task_id":"","job_id":"","batch_id":"57579371.0@jobsub01.fnal.gov","host_site":"","bogomips":"5590.15","node_name":"sultana-57579371-0-fnpc22027.fnal.gov","vendor_id":"AuthenticAMD"}
TMPDIR=/srv/no_xfer
IFDH_CP_MAX_RETRIES=1
OPENBLAS_NUM_THREADS=1
BEARER_TOKEN_FILE=/srv/.condor_creds/minerva.use
FERMIHTC_APPTAINER_ARGS=--pid --ipc --contain
JOBSUBJOBSECTION=0
_CONDOR_SCRATCH_DIR=/srv/no_xfer
FERMIHTC_SINGULARITY_PWD=/srv
GLIDEIN_ToDie=1678473539
CONDOR_DIR_OUT=out_OUT
JOBSUB_EXE_SCRIPT=runEventLoop_lite.sh
CONDOR_TMP=/nashome/s/sultana/.cache/jobsub_lite/js_2023_03_06_122717_f2d3873e-1a97-43fc-abb5-7257c9b5f4e1
USER_PATH=/usr/local/sbin:/usr/local/bin:/usr/sbin:/usr/bin:/sbin:/bin:/cvmfs/oasis.opensciencegrid.org/mis/apptainer/1.1.6/x86_64/utils/bin:/bin:/usr/bin:/sbin:/usr/sbin:/usr/local/bin:/usr/local/sbin
_CHIRP_DELAYED_UPDATE_PREFIX=Chirp*
LD_LIBRARY_PATH=/.singularity.d/libs
TEMP=/srv/no_xfer
BATCH_SYSTEM=HTCondor
FERMIHTC_SINGULARITY_ARGS=--pid --ipc --contain
JULIA_NUM_THREADS=1
SINGULARITY_NAME=fnal-wn-sl7:latest
_CONDOR_CHIRP_CONFIG=/srv/.chirp.config
_JAVA_OPTIONS=-Xmx1024m
OUTDIR=/srv/out_OUT
EXPERIMENT=minerva
FERMIHTC_SINGULARITY_BIND=/cvmfs /etc/hosts
GLIDEIN_Site=FermiGrid
APPTAINER_APPNAME=
PATH=/usr/local/sbin:/usr/local/bin:/usr/sbin:/usr/bin:/sbin:/bin:.
TF_NUM_THREADS=1
APPTAINER_ENVIRONMENT=/.singularity.d/env/91-environment.sh
_CONDOR_BIN=/usr/bin
_CONDOR_CREDS=/storage/local/data1/condor/execute/dir_46736/.condor_creds
MKL_NUM_THREADS=1
FERMIHTC_APPTAINER_BIND=/cvmfs /etc/hosts
FIFE_GLIDEIN_ToDie=1678473539
PWD=/srv
INPUT_TAR_FILE=/cvmfs/fifeuser1.opensciencegrid.org/sw/minerva/2aee2c9a1f28779d09f63eb4daa6c2c60dfd4dc4548e955805871cfe761036bd/sultana_MnvTunev431PionReweightBkgTune_MehreenCuts.tar
APPTAINER_NAME=fnal-wn-sl7:latest
NUMEXPR_NUM_THREADS=1
VENDOR_ID=AuthenticAMD
JSB_TMP=/srv/jsb_tmp
FERMIHTC_APPTAINER_CMD=exec
_CONDOR_WRAPPER_ERROR_FILE=/srv/.job_wrapper_failure
BOGOMIPS=5590.15
FERMIHTC_APPTAINER_BIN=/cvmfs/oasis.opensciencegrid.org/mis/apptainer/current/bin/apptainer
SINGULARITY_ENVIRONMENT=/.singularity.d/env/91-environment.sh
_CONDOR_SLOT=slot1_15
APPTAINER_CONTAINER=/cvmfs/singularity.opensciencegrid.org/fermilab/fnal-wn-sl7:latest
FERMIHTC_SINGULARITY_CMD=exec
SINGULARITY_BIND=/cvmfs,/etc/hosts
FERMIHTC_SINGULARITY_BIN=/cvmfs/oasis.opensciencegrid.org/mis/apptainer/current/bin/apptainer
GOMAXPROCS=1
CM1=
FERMIHTC_APPTAINER_PWD=/srv
HOME=/srv
SHLVL=2
CM2=
GRID_USER=sultana
_CONDOR_MACHINE_AD=/srv/.machine.ad
PROCESS=0
X509_USER_PROXY=/srv/x509up_minerva_Analysis_49107
TMP=/srv/no_xfer
CLUSTER=57579371
NODE_NAME=sultana-57579371-0-fnpc22027.fnal.gov
OMP_NUM_THREADS=1
PROMPT_COMMAND=PS1="Singularity> "; unset PROMPT_COMMAND
_CONDOR_JOB_AD=/srv/.job.ad
SINGULARITY_CONTAINER=/cvmfs/singularity.opensciencegrid.org/fermilab/fnal-wn-sl7:latest
APPTAINER_BIND=/cvmfs,/etc/hosts
OMP_THREAD_LIMIT=1
INPUT_TAR_DIR_LOCAL=/cvmfs/fifeuser1.opensciencegrid.org/sw/minerva/2aee2c9a1f28779d09f63eb4daa6c2c60dfd4dc4548e955805871cfe761036bd
_CONDOR_JOB_IWD=/srv
DAGMANJOBID=
TF_LOOP_PARALLEL_ITERATIONS=1
CONDOR_DIR_INPUT=/srv/no_xfer/0/TRANSFERRED_INPUT_FILES
_=/usr/bin/printenv
Start Mon Mar 6 18:29:01 UTC 2023
Site:
the worker node is  sultana-57579371-0-fnpc22027.fnal.gov OS:  Linux sultana-57579371-0-fnpc22027.fnal.gov 3.10.0-1160.81.1.el7.x86_64 #1 SMP Tue Dec 13 09:53:21 CST 2022 x86_64 x86_64 x86_64 GNU/Linux
the user id is  sultana
the output of id is  uid=49107(sultana) gid=9767(fnalgrid) groups=9767(fnalgrid),65534(nfsnobody)
------ CHECK THE VOMS PROXY and the x509
/srv/x509up_minerva_Analysis_49107
OUTPUT DIRECTORY
out_OUT
pwd is  /srv/no_xfer
GRID_USER = sultana
pwd is  /cvmfs/fifeuser1.opensciencegrid.org/sw/minerva/2aee2c9a1f28779d09f63eb4daa6c2c60dfd4dc4548e955805871cfe761036bd/opt
pwd is  /cvmfs/fifeuser1.opensciencegrid.org/sw/minerva/2aee2c9a1f28779d09f63eb4daa6c2c60dfd4dc4548e955805871cfe761036bd/opt
Now setting up setup scripts
now going to opt/bin/
pwd is  /cvmfs/fifeuser1.opensciencegrid.org/sw/minerva/2aee2c9a1f28779d09f63eb4daa6c2c60dfd4dc4548e955805871cfe761036bd/opt/bin
pwd is  /cvmfs/fifeuser1.opensciencegrid.org/sw/minerva/2aee2c9a1f28779d09f63eb4daa6c2c60dfd4dc4548e955805871cfe761036bd/LowRecoilPions
Done Setting up env. Now Setting up Utils. pwd is  /cvmfs/fifeuser1.opensciencegrid.org/sw/minerva/2aee2c9a1f28779d09f63eb4daa6c2c60dfd4dc4548e955805871cfe761036bd/LowRecoilPions
Moving to CONDOR SCRATCH DIR /srv/no_xfer
pwd is  /srv/no_xfer
With playlists:   and 
Moving files to output Dir 
Mon Mar 6 18:30:45 UTC 2023 runEventLoop_lite.sh COMPLETED with exit status 1
