Mon Mar 6 18:29:01 UTC 2023 57579371.0@jobsub01.fnal.gov BEGIN EXECUTION runEventLoop_lite.sh data_me1A_xtest.txt mc_me1A_xtest.txt
++ date
+ echo Start Mon Mar 6 18:29:01 UTC 2023
+ echo Site:
++ hostname
++ uname -a
+ echo 'the worker node is ' sultana-57579371-0-fnpc22027.fnal.gov 'OS: ' Linux sultana-57579371-0-fnpc22027.fnal.gov 3.10.0-1160.81.1.el7.x86_64 '#1' SMP Tue Dec 13 09:53:21 CST 2022 x86_64 x86_64 x86_64 GNU/Linux
++ whoami
+ echo 'the user id is ' sultana
++ id
+ echo 'the output of id is ' 'uid=49107(sultana)' 'gid=9767(fnalgrid)' 'groups=9767(fnalgrid),65534(nfsnobody)'
+ echo '------ CHECK THE VOMS PROXY and the x509'
+ echo /srv/x509up_minerva_Analysis_49107
+ echo 'OUTPUT DIRECTORY'
+ echo out_OUT
+ set +x
./runEventLoop_lite.sh: line 105: data_me1A_xtest.txt: command not found
./runEventLoop_lite.sh: line 105: mc_me1A_xtest.txt: command not found
Unable to load sec.protocol plugin libXrdSecztn.so
Ending on a ROOT error message.  No histograms will be produced.
If the message talks about "TNetXNGFile", this could be a problem with dCache.  The message is:
TFile::TFile: file /minerva/app/users/sultana/cmtuser/WorkingArea/LowRecoilPions/LowRecoilPions/util//lowQ2pi_weights.root does not exist

*** USAGE ***
runEventLoop <dataPlaylist.txt> <mcPlaylist.txt>

*** Explanation ***
Reduce MasterAnaDev AnaTuples to event selection histograms to extract a
single-differential inclusive cross section for the 2021 MINERvA 101 tutorial.

*** The Input Files ***
Playlist files are plaintext files with 1 file name per line.  Filenames may be
xrootd URLs or refer to the local filesystem.  The first playlist file's
entries will be treated like data, and the second playlist's entries must
have the "Truth" tree to use for calculating the efficiency denominator.

*** Output ***
Produces a two files, runEventLoopMC.root and runEventLoopData.root, with
all histograms needed for the ExtractCrossSection program also built by this
package.  You'll need a .rootlogon.C that loads ROOT object definitions from
PlotUtils to access systematics information from these files.

*** Environment Variables ***
Setting up this package appends to PATH and LD_LIBRARY_PATH.  PLOTUTILSROOT,
MPARAMFILESROOT, and MPARAMFILES must be set according to the setup scripts in
those packages for systematics and flux reweighters to function.
If MNV101_SKIP_SYST is defined at all, output histograms will have no error bands.
This is useful for debugging the CV and running warping studies.

*** Return Codes ***
0 indicates success.  All histograms are valid only in this case.  Any other
return code indicates that histograms should not be used.  Error messages
about what went wrong will be printed to stderr.  So, they'll end up in your
terminal, but you can separate them from everything else with something like:
"runEventLoop data.txt mc.txt 2> errors.txt"

./runEventLoop_lite.sh: line 108: out_OUT: command not found
mv: cannot stat '*.root': No such file or directory
Copying 14671 bytes file:///srv/out_OUT/Dump_runEventLoop.txt => https://fndcadoor.fnal.gov:2880/minerva/scratch/users/sultana/GridJobs/MnvTunev431_PionReweight_BkgTune_submitted_2023_03_06_12_26_testjob_fullSystematics/Dump_runEventLoop.txt
Copying 0 bytes file:///srv/out_OUT/job_output_03_06_2023_18_29_57579371.0.err => https://fndcadoor.fnal.gov:2880/minerva/scratch/users/sultana/GridJobs/MnvTunev431_PionReweight_BkgTune_submitted_2023_03_06_12_26_testjob_fullSystematics/job_output_03_06_2023_18_29_57579371.0.err
Copying 3455 bytes file:///srv/out_OUT/job_output_03_06_2023_18_29_57579371.0.log => https://fndcadoor.fnal.gov:2880/minerva/scratch/users/sultana/GridJobs/MnvTunev431_PionReweight_BkgTune_submitted_2023_03_06_12_26_testjob_fullSystematics/job_output_03_06_2023_18_29_57579371.0.log
Copying 1099 bytes file:///srv/out_OUT/runEventLoopTime.txt => https://fndcadoor.fnal.gov:2880/minerva/scratch/users/sultana/GridJobs/MnvTunev431_PionReweight_BkgTune_submitted_2023_03_06_12_26_testjob_fullSystematics/runEventLoopTime.txt
Mon Mar 6 18:30:45 UTC 2023 runEventLoop_lite.sh COMPLETED with exit status 1
Copying 4108 bytes file:///srv/jsb_tmp/JOBSUB_ERR_FILE.truncated => https://fndcadoor.fnal.gov:2880/fermigrid/jobsub/jobs/2023_03_06/f2d3873e-1a97-43fc-abb5-7257c9b5f4e1/runEventLoop_lite.sh2023_03_06_122717f2d3873e-1a97-43fc-abb5-7257c9b5f4e1cluster.57579371.0.err
Copying 4972 bytes file:///srv/jsb_tmp/JOBSUB_LOG_FILE.truncated => https://fndcadoor.fnal.gov:2880/fermigrid/jobsub/jobs/2023_03_06/f2d3873e-1a97-43fc-abb5-7257c9b5f4e1/runEventLoop_lite.sh2023_03_06_122717f2d3873e-1a97-43fc-abb5-7257c9b5f4e1cluster.57579371.0.out
Copying 3227 bytes file:///srv/runEventLoop_lite.sh => https://fndcadoor.fnal.gov:2880/fermigrid/jobsub/jobs/2023_03_06/f2d3873e-1a97-43fc-abb5-7257c9b5f4e1/runEventLoop_lite.sh
Copying 3344 bytes file:///srv/simple.cmd => https://fndcadoor.fnal.gov:2880/fermigrid/jobsub/jobs/2023_03_06/f2d3873e-1a97-43fc-abb5-7257c9b5f4e1/simple.cmd
